<?xml version="1.0" encoding="UTF-8"?>
<testsuite xmlns:xsi="http://www.w3.org/2001/XMLSchema-instance" xsi:noNamespaceSchemaLocation="https://maven.apache.org/surefire/maven-surefire-plugin/xsd/surefire-test-report-3.0.xsd" version="3.0" name="com.agricultura.sistema.FluxoNavegacaoTest" time="24.282" tests="1" errors="0" skipped="0" failures="0">
  <properties>
[...]
</properties>
  <testcase name="deveNavegarPorTodoMenuLateral(FxRobot)" classname="com.agricultura.sistema.FluxoNavegacaoTest" time="11.155">
    <system-out><![CDATA[11:15:45.618 [main] INFO org.springframework.test.context.support.AnnotationConfigContextLoaderUtils -- Could not detect default configuration classes for test class [com.agricultura.sistema.FluxoNavegacaoTest]: FluxoNavegacaoTest does not declare any static, non-private, non-final, nested classes annotated with @Configuration.
11:15:46.088 [main] INFO org.springframework.boot.test.context.SpringBootTestContextBootstrapper -- Found @SpringBootConfiguration com.agricultura.sistema.SistemaApplication for test class com.agricultura.sistema.FluxoNavegacaoTest

  .   ____          _            __ _ _
 /\\ / ___'_ __ _ _(_)_ __  __ _ \ \ \ \
( ( )\___ | '_ | '_| | '_ \/ _` | \ \ \ \
 \\/  ___)| |_)| | | | | || (_| |  ) ) ) )
  '  |____| .__|_| |_|_| |_\__, | / / / /
 =========|_|==============|___/=/_/_/_/
 :: Spring Boot ::                (v3.2.0)

2025-12-25T11:15:48.718-03:00  INFO 23548 --- [sistema-agricultura] [           main] c.a.sistema.FluxoNavegacaoTest           : Starting FluxoNavegacaoTest using Java 21.0.9 with PID 23548 (started by mathe in E:\Projetos VSCODE\refatoracao-agricultura-java)
2025-12-25T11:15:48.722-03:00  INFO 23548 --- [sistema-agricultura] [           main] c.a.sistema.FluxoNavegacaoTest           : No active profile set, falling back to 1 default profile: "default"
2025-12-25T11:15:49.772-03:00  INFO 23548 --- [sistema-agricultura] [           main] .s.d.r.c.RepositoryConfigurationDelegate : Bootstrapping Spring Data JPA repositories in DEFAULT mode.
2025-12-25T11:15:49.944-03:00  INFO 23548 --- [sistema-agricultura] [           main] .s.d.r.c.RepositoryConfigurationDelegate : Finished Spring Data repository scanning in 151 ms. Found 4 JPA repository interfaces.
2025-12-25T11:15:51.074-03:00  INFO 23548 --- [sistema-agricultura] [           main] o.hibernate.jpa.internal.util.LogHelper  : HHH000204: Processing PersistenceUnitInfo [name: default]
2025-12-25T11:15:51.276-03:00  INFO 23548 --- [sistema-agricultura] [           main] org.hibernate.Version                    : HHH000412: Hibernate ORM core version 6.3.1.Final
2025-12-25T11:15:51.416-03:00  INFO 23548 --- [sistema-agricultura] [           main] o.h.c.internal.RegionFactoryInitiator    : HHH000026: Second-level cache disabled
2025-12-25T11:15:52.241-03:00  INFO 23548 --- [sistema-agricultura] [           main] o.s.o.j.p.SpringPersistenceUnitInfo      : No LoadTimeWeaver setup: ignoring JPA class transformer
2025-12-25T11:15:52.333-03:00  INFO 23548 --- [sistema-agricultura] [           main] com.zaxxer.hikari.HikariDataSource       : HikariPool-1 - Starting...
2025-12-25T11:15:52.695-03:00  INFO 23548 --- [sistema-agricultura] [           main] com.zaxxer.hikari.pool.HikariPool        : HikariPool-1 - Added connection org.sqlite.jdbc4.JDBC4Connection@7c3920a7
2025-12-25T11:15:52.700-03:00  INFO 23548 --- [sistema-agricultura] [           main] com.zaxxer.hikari.HikariDataSource       : HikariPool-1 - Start completed.
2025-12-25T11:15:55.506-03:00  INFO 23548 --- [sistema-agricultura] [           main] o.h.e.t.j.p.i.JtaPlatformInitiator       : HHH000489: No JTA platform available (set 'hibernate.transaction.jta.platform' to enable JTA platform integration)
2025-12-25T11:15:55.601-03:00  INFO 23548 --- [sistema-agricultura] [           main] j.LocalContainerEntityManagerFactoryBean : Initialized JPA EntityManagerFactory for persistence unit 'default'
2025-12-25T11:15:56.431-03:00  INFO 23548 --- [sistema-agricultura] [           main] o.s.d.j.r.query.QueryEnhancerFactory     : Hibernate is in classpath; If applicable, HQL parser will be used.
2025-12-25T11:15:58.042-03:00  INFO 23548 --- [sistema-agricultura] [           main] c.a.sistema.FluxoNavegacaoTest           : Started FluxoNavegacaoTest in 10.543 seconds (process running for 15.247)
2025-12-25T11:15:58.060-03:00  INFO 23548 --- [sistema-agricultura] [           main] c.a.sistema.service.BackupService        : Backup antigo removido pela rotação: backup_2025-12-25_11-00-53.db
2025-12-25T11:15:58.061-03:00  INFO 23548 --- [sistema-agricultura] [           main] c.a.sistema.service.BackupService        : Backup automático realizado: backup_2025-12-25_11-15-58.db. Backups mantidos: 10
Hibernate: select p1_0.produtor_id,p1_0.apelido,p1_0.cpf,p1_0.deletado_em,p1_0.nome,p1_0.referencia,p1_0.regiao,p1_0.telefone from produtores p1_0 where (p1_0.deletado_em IS NULL)
Hibernate: select p1_0.produtor_id,p1_0.apelido,p1_0.cpf,p1_0.deletado_em,p1_0.nome,p1_0.referencia,p1_0.regiao,p1_0.telefone from produtores p1_0 where (p1_0.deletado_em IS NULL)
Hibernate: select s1_0.servico_id,s1_0.descricao,s1_0.nome,s1_0.valor_unitario from servicos s1_0
Hibernate: select p1_0.produtor_id,p1_0.apelido,p1_0.cpf,p1_0.deletado_em,p1_0.nome,p1_0.referencia,p1_0.regiao,p1_0.telefone from produtores p1_0 where (p1_0.deletado_em IS NULL)
Hibernate: select s1_0.servico_id,s1_0.descricao,s1_0.nome,s1_0.valor_unitario from servicos s1_0
Hibernate: select e1_0.execucao_id,e1_0.data_execucao,e1_0.deletado_em,e1_0.horas_prestadas,e1_0.produtor_id,p1_0.produtor_id,p1_0.apelido,p1_0.cpf,p1_0.deletado_em,p1_0.nome,p1_0.referencia,p1_0.regiao,p1_0.telefone,e1_0.servico_id,s1_0.servico_id,s1_0.descricao,s1_0.nome,s1_0.valor_unitario,e1_0.valor_total from execucoes e1_0 left join produtores p1_0 on p1_0.produtor_id=e1_0.produtor_id and (p1_0.deletado_em IS NULL) left join servicos s1_0 on s1_0.servico_id=e1_0.servico_id where (e1_0.deletado_em IS NULL) and e1_0.deletado_em is null
Hibernate: select e1_0.execucao_id,e1_0.data_execucao,e1_0.deletado_em,e1_0.horas_prestadas,e1_0.produtor_id,p1_0.produtor_id,p1_0.apelido,p1_0.cpf,p1_0.deletado_em,p1_0.nome,p1_0.referencia,p1_0.regiao,p1_0.telefone,e1_0.servico_id,s1_0.servico_id,s1_0.descricao,s1_0.nome,s1_0.valor_unitario,e1_0.valor_total from execucoes e1_0 left join produtores p1_0 on p1_0.produtor_id=e1_0.produtor_id and (p1_0.deletado_em IS NULL) left join servicos s1_0 on s1_0.servico_id=e1_0.servico_id where (e1_0.deletado_em IS NULL) and e1_0.deletado_em is null
Hibernate: select p1_0.produtor_id,p1_0.apelido,p1_0.cpf,p1_0.deletado_em,p1_0.nome,p1_0.referencia,p1_0.regiao,p1_0.telefone from produtores p1_0 where (p1_0.deletado_em IS NULL)
Hibernate: select e1_0.produtor_id,e1_0.execucao_id,e1_0.data_execucao,e1_0.deletado_em,e1_0.horas_prestadas,e1_0.servico_id,e1_0.valor_total from execucoes e1_0 where e1_0.produtor_id=? and (e1_0.deletado_em IS NULL) 
Hibernate: select p1_0.execucao_id,p1_0.pagamento_id,p1_0.data_pagamento,p1_0.valor_pago from pagamentos p1_0 where p1_0.execucao_id=?
Hibernate: select e1_0.produtor_id,e1_0.execucao_id,e1_0.data_execucao,e1_0.deletado_em,e1_0.horas_prestadas,e1_0.servico_id,e1_0.valor_total from execucoes e1_0 where e1_0.produtor_id=? and (e1_0.deletado_em IS NULL) 
Hibernate: select p1_0.execucao_id,p1_0.pagamento_id,p1_0.data_pagamento,p1_0.valor_pago from pagamentos p1_0 where p1_0.execucao_id=?
Hibernate: select e1_0.produtor_id,e1_0.execucao_id,e1_0.data_execucao,e1_0.deletado_em,e1_0.horas_prestadas,e1_0.servico_id,e1_0.valor_total from execucoes e1_0 where e1_0.produtor_id=? and (e1_0.deletado_em IS NULL) 
Hibernate: select e1_0.produtor_id,e1_0.execucao_id,e1_0.data_execucao,e1_0.deletado_em,e1_0.horas_prestadas,e1_0.servico_id,e1_0.valor_total from execucoes e1_0 where e1_0.produtor_id=? and (e1_0.deletado_em IS NULL) 
Hibernate: select p1_0.execucao_id,p1_0.pagamento_id,p1_0.data_pagamento,p1_0.valor_pago from pagamentos p1_0 where p1_0.execucao_id=?
Hibernate: select e1_0.produtor_id,e1_0.execucao_id,e1_0.data_execucao,e1_0.deletado_em,e1_0.horas_prestadas,e1_0.servico_id,e1_0.valor_total from execucoes e1_0 where e1_0.produtor_id=? and (e1_0.deletado_em IS NULL) 
Hibernate: select p1_0.execucao_id,p1_0.pagamento_id,p1_0.data_pagamento,p1_0.valor_pago from pagamentos p1_0 where p1_0.execucao_id=?
Hibernate: select e1_0.produtor_id,e1_0.execucao_id,e1_0.data_execucao,e1_0.deletado_em,e1_0.horas_prestadas,e1_0.servico_id,e1_0.valor_total from execucoes e1_0 where e1_0.produtor_id=? and (e1_0.deletado_em IS NULL) 
Hibernate: select p1_0.execucao_id,p1_0.pagamento_id,p1_0.data_pagamento,p1_0.valor_pago from pagamentos p1_0 where p1_0.execucao_id=?
Hibernate: select e1_0.produtor_id,e1_0.execucao_id,e1_0.data_execucao,e1_0.deletado_em,e1_0.horas_prestadas,e1_0.servico_id,e1_0.valor_total from execucoes e1_0 where e1_0.produtor_id=? and (e1_0.deletado_em IS NULL) 
Hibernate: select p1_0.execucao_id,p1_0.pagamento_id,p1_0.data_pagamento,p1_0.valor_pago from pagamentos p1_0 where p1_0.execucao_id=?
Hibernate: select p1_0.execucao_id,p1_0.pagamento_id,p1_0.data_pagamento,p1_0.valor_pago from pagamentos p1_0 where p1_0.execucao_id=?
Hibernate: select e1_0.produtor_id,e1_0.execucao_id,e1_0.data_execucao,e1_0.deletado_em,e1_0.horas_prestadas,e1_0.servico_id,e1_0.valor_total from execucoes e1_0 where e1_0.produtor_id=? and (e1_0.deletado_em IS NULL) 
Hibernate: select p1_0.execucao_id,p1_0.pagamento_id,p1_0.data_pagamento,p1_0.valor_pago from pagamentos p1_0 where p1_0.execucao_id=?
Hibernate: select e1_0.produtor_id,e1_0.execucao_id,e1_0.data_execucao,e1_0.deletado_em,e1_0.horas_prestadas,e1_0.servico_id,e1_0.valor_total from execucoes e1_0 where e1_0.produtor_id=? and (e1_0.deletado_em IS NULL) 
Hibernate: select e1_0.produtor_id,e1_0.execucao_id,e1_0.data_execucao,e1_0.deletado_em,e1_0.horas_prestadas,e1_0.servico_id,e1_0.valor_total from execucoes e1_0 where e1_0.produtor_id=? and (e1_0.deletado_em IS NULL) 
Hibernate: select p1_0.execucao_id,p1_0.pagamento_id,p1_0.data_pagamento,p1_0.valor_pago from pagamentos p1_0 where p1_0.execucao_id=?
Hibernate: select e1_0.produtor_id,e1_0.execucao_id,e1_0.data_execucao,e1_0.deletado_em,e1_0.horas_prestadas,e1_0.servico_id,e1_0.valor_total from execucoes e1_0 where e1_0.produtor_id=? and (e1_0.deletado_em IS NULL) 
Hibernate: select p1_0.execucao_id,p1_0.pagamento_id,p1_0.data_pagamento,p1_0.valor_pago from pagamentos p1_0 where p1_0.execucao_id=?
Hibernate: select e1_0.produtor_id,e1_0.execucao_id,e1_0.data_execucao,e1_0.deletado_em,e1_0.horas_prestadas,e1_0.servico_id,e1_0.valor_total from execucoes e1_0 where e1_0.produtor_id=? and (e1_0.deletado_em IS NULL) 
Hibernate: select p1_0.execucao_id,p1_0.pagamento_id,p1_0.data_pagamento,p1_0.valor_pago from pagamentos p1_0 where p1_0.execucao_id=?
Hibernate: select p1_0.execucao_id,p1_0.pagamento_id,p1_0.data_pagamento,p1_0.valor_pago from pagamentos p1_0 where p1_0.execucao_id=?
Hibernate: select e1_0.produtor_id,e1_0.execucao_id,e1_0.data_execucao,e1_0.deletado_em,e1_0.horas_prestadas,e1_0.servico_id,e1_0.valor_total from execucoes e1_0 where e1_0.produtor_id=? and (e1_0.deletado_em IS NULL) 
Hibernate: select e1_0.produtor_id,e1_0.execucao_id,e1_0.data_execucao,e1_0.deletado_em,e1_0.horas_prestadas,e1_0.servico_id,e1_0.valor_total from execucoes e1_0 where e1_0.produtor_id=? and (e1_0.deletado_em IS NULL) 
Hibernate: select p1_0.execucao_id,p1_0.pagamento_id,p1_0.data_pagamento,p1_0.valor_pago from pagamentos p1_0 where p1_0.execucao_id=?
Hibernate: select e1_0.produtor_id,e1_0.execucao_id,e1_0.data_execucao,e1_0.deletado_em,e1_0.horas_prestadas,e1_0.servico_id,e1_0.valor_total from execucoes e1_0 where e1_0.produtor_id=? and (e1_0.deletado_em IS NULL) 
Hibernate: select p1_0.execucao_id,p1_0.pagamento_id,p1_0.data_pagamento,p1_0.valor_pago from pagamentos p1_0 where p1_0.execucao_id=?
Hibernate: select e1_0.produtor_id,e1_0.execucao_id,e1_0.data_execucao,e1_0.deletado_em,e1_0.horas_prestadas,e1_0.servico_id,e1_0.valor_total from execucoes e1_0 where e1_0.produtor_id=? and (e1_0.deletado_em IS NULL) 
Hibernate: select p1_0.execucao_id,p1_0.pagamento_id,p1_0.data_pagamento,p1_0.valor_pago from pagamentos p1_0 where p1_0.execucao_id=?
Hibernate: select e1_0.produtor_id,e1_0.execucao_id,e1_0.data_execucao,e1_0.deletado_em,e1_0.horas_prestadas,e1_0.servico_id,e1_0.valor_total from execucoes e1_0 where e1_0.produtor_id=? and (e1_0.deletado_em IS NULL) 
Hibernate: select p1_0.execucao_id,p1_0.pagamento_id,p1_0.data_pagamento,p1_0.valor_pago from pagamentos p1_0 where p1_0.execucao_id=?
Hibernate: select e1_0.produtor_id,e1_0.execucao_id,e1_0.data_execucao,e1_0.deletado_em,e1_0.horas_prestadas,e1_0.servico_id,e1_0.valor_total from execucoes e1_0 where e1_0.produtor_id=? and (e1_0.deletado_em IS NULL) 
Hibernate: select p1_0.execucao_id,p1_0.pagamento_id,p1_0.data_pagamento,p1_0.valor_pago from pagamentos p1_0 where p1_0.execucao_id=?
Hibernate: select e1_0.produtor_id,e1_0.execucao_id,e1_0.data_execucao,e1_0.deletado_em,e1_0.horas_prestadas,e1_0.servico_id,e1_0.valor_total from execucoes e1_0 where e1_0.produtor_id=? and (e1_0.deletado_em IS NULL) 
Hibernate: select p1_0.execucao_id,p1_0.pagamento_id,p1_0.data_pagamento,p1_0.valor_pago from pagamentos p1_0 where p1_0.execucao_id=?
Hibernate: select e1_0.produtor_id,e1_0.execucao_id,e1_0.data_execucao,e1_0.deletado_em,e1_0.horas_prestadas,e1_0.servico_id,e1_0.valor_total from execucoes e1_0 where e1_0.produtor_id=? and (e1_0.deletado_em IS NULL) 
Hibernate: select p1_0.execucao_id,p1_0.pagamento_id,p1_0.data_pagamento,p1_0.valor_pago from pagamentos p1_0 where p1_0.execucao_id=?
Hibernate: select e1_0.produtor_id,e1_0.execucao_id,e1_0.data_execucao,e1_0.deletado_em,e1_0.horas_prestadas,e1_0.servico_id,e1_0.valor_total from execucoes e1_0 where e1_0.produtor_id=? and (e1_0.deletado_em IS NULL) 
Hibernate: select e1_0.produtor_id,e1_0.execucao_id,e1_0.data_execucao,e1_0.deletado_em,e1_0.horas_prestadas,e1_0.servico_id,e1_0.valor_total from execucoes e1_0 where e1_0.produtor_id=? and (e1_0.deletado_em IS NULL) 
Hibernate: select p1_0.execucao_id,p1_0.pagamento_id,p1_0.data_pagamento,p1_0.valor_pago from pagamentos p1_0 where p1_0.execucao_id=?
Hibernate: select e1_0.produtor_id,e1_0.execucao_id,e1_0.data_execucao,e1_0.deletado_em,e1_0.horas_prestadas,e1_0.servico_id,e1_0.valor_total from execucoes e1_0 where e1_0.produtor_id=? and (e1_0.deletado_em IS NULL) 
Hibernate: select p1_0.execucao_id,p1_0.pagamento_id,p1_0.data_pagamento,p1_0.valor_pago from pagamentos p1_0 where p1_0.execucao_id=?
Hibernate: select p1_0.execucao_id,p1_0.pagamento_id,p1_0.data_pagamento,p1_0.valor_pago from pagamentos p1_0 where p1_0.execucao_id=?
Hibernate: select e1_0.produtor_id,e1_0.execucao_id,e1_0.data_execucao,e1_0.deletado_em,e1_0.horas_prestadas,e1_0.servico_id,e1_0.valor_total from execucoes e1_0 where e1_0.produtor_id=? and (e1_0.deletado_em IS NULL) 
Hibernate: select e1_0.produtor_id,e1_0.execucao_id,e1_0.data_execucao,e1_0.deletado_em,e1_0.horas_prestadas,e1_0.servico_id,e1_0.valor_total from execucoes e1_0 where e1_0.produtor_id=? and (e1_0.deletado_em IS NULL) 
Hibernate: select p1_0.execucao_id,p1_0.pagamento_id,p1_0.data_pagamento,p1_0.valor_pago from pagamentos p1_0 where p1_0.execucao_id=?
Hibernate: select e1_0.produtor_id,e1_0.execucao_id,e1_0.data_execucao,e1_0.deletado_em,e1_0.horas_prestadas,e1_0.servico_id,e1_0.valor_total from execucoes e1_0 where e1_0.produtor_id=? and (e1_0.deletado_em IS NULL) 
Hibernate: select p1_0.execucao_id,p1_0.pagamento_id,p1_0.data_pagamento,p1_0.valor_pago from pagamentos p1_0 where p1_0.execucao_id=?
Hibernate: select e1_0.produtor_id,e1_0.execucao_id,e1_0.data_execucao,e1_0.deletado_em,e1_0.horas_prestadas,e1_0.servico_id,e1_0.valor_total from execucoes e1_0 where e1_0.produtor_id=? and (e1_0.deletado_em IS NULL) 
Hibernate: select p1_0.execucao_id,p1_0.pagamento_id,p1_0.data_pagamento,p1_0.valor_pago from pagamentos p1_0 where p1_0.execucao_id=?
Hibernate: select p1_0.execucao_id,p1_0.pagamento_id,p1_0.data_pagamento,p1_0.valor_pago from pagamentos p1_0 where p1_0.execucao_id=?
Hibernate: select e1_0.produtor_id,e1_0.execucao_id,e1_0.data_execucao,e1_0.deletado_em,e1_0.horas_prestadas,e1_0.servico_id,e1_0.valor_total from execucoes e1_0 where e1_0.produtor_id=? and (e1_0.deletado_em IS NULL) 
Hibernate: select p1_0.execucao_id,p1_0.pagamento_id,p1_0.data_pagamento,p1_0.valor_pago from pagamentos p1_0 where p1_0.execucao_id=?
Hibernate: select p1_0.execucao_id,p1_0.pagamento_id,p1_0.data_pagamento,p1_0.valor_pago from pagamentos p1_0 where p1_0.execucao_id=?
Hibernate: select e1_0.produtor_id,e1_0.execucao_id,e1_0.data_execucao,e1_0.deletado_em,e1_0.horas_prestadas,e1_0.servico_id,e1_0.valor_total from execucoes e1_0 where e1_0.produtor_id=? and (e1_0.deletado_em IS NULL) 
Hibernate: select p1_0.execucao_id,p1_0.pagamento_id,p1_0.data_pagamento,p1_0.valor_pago from pagamentos p1_0 where p1_0.execucao_id=?
Hibernate: select e1_0.produtor_id,e1_0.execucao_id,e1_0.data_execucao,e1_0.deletado_em,e1_0.horas_prestadas,e1_0.servico_id,e1_0.valor_total from execucoes e1_0 where e1_0.produtor_id=? and (e1_0.deletado_em IS NULL) 
Hibernate: select e1_0.produtor_id,e1_0.execucao_id,e1_0.data_execucao,e1_0.deletado_em,e1_0.horas_prestadas,e1_0.servico_id,e1_0.valor_total from execucoes e1_0 where e1_0.produtor_id=? and (e1_0.deletado_em IS NULL) 
Hibernate: select p1_0.execucao_id,p1_0.pagamento_id,p1_0.data_pagamento,p1_0.valor_pago from pagamentos p1_0 where p1_0.execucao_id=?
Hibernate: select e1_0.produtor_id,e1_0.execucao_id,e1_0.data_execucao,e1_0.deletado_em,e1_0.horas_prestadas,e1_0.servico_id,e1_0.valor_total from execucoes e1_0 where e1_0.produtor_id=? and (e1_0.deletado_em IS NULL) 
Hibernate: select e1_0.produtor_id,e1_0.execucao_id,e1_0.data_execucao,e1_0.deletado_em,e1_0.horas_prestadas,e1_0.servico_id,e1_0.valor_total from execucoes e1_0 where e1_0.produtor_id=? and (e1_0.deletado_em IS NULL) 
Hibernate: select e1_0.produtor_id,e1_0.execucao_id,e1_0.data_execucao,e1_0.deletado_em,e1_0.horas_prestadas,e1_0.servico_id,e1_0.valor_total from execucoes e1_0 where e1_0.produtor_id=? and (e1_0.deletado_em IS NULL) 
Hibernate: select p1_0.execucao_id,p1_0.pagamento_id,p1_0.data_pagamento,p1_0.valor_pago from pagamentos p1_0 where p1_0.execucao_id=?
Hibernate: select e1_0.produtor_id,e1_0.execucao_id,e1_0.data_execucao,e1_0.deletado_em,e1_0.horas_prestadas,e1_0.servico_id,e1_0.valor_total from execucoes e1_0 where e1_0.produtor_id=? and (e1_0.deletado_em IS NULL) 
Hibernate: select e1_0.produtor_id,e1_0.execucao_id,e1_0.data_execucao,e1_0.deletado_em,e1_0.horas_prestadas,e1_0.servico_id,e1_0.valor_total from execucoes e1_0 where e1_0.produtor_id=? and (e1_0.deletado_em IS NULL) 
Hibernate: select p1_0.execucao_id,p1_0.pagamento_id,p1_0.data_pagamento,p1_0.valor_pago from pagamentos p1_0 where p1_0.execucao_id=?
Hibernate: select e1_0.produtor_id,e1_0.execucao_id,e1_0.data_execucao,e1_0.deletado_em,e1_0.horas_prestadas,e1_0.servico_id,e1_0.valor_total from execucoes e1_0 where e1_0.produtor_id=? and (e1_0.deletado_em IS NULL) 
Hibernate: select e1_0.produtor_id,e1_0.execucao_id,e1_0.data_execucao,e1_0.deletado_em,e1_0.horas_prestadas,e1_0.servico_id,e1_0.valor_total from execucoes e1_0 where e1_0.produtor_id=? and (e1_0.deletado_em IS NULL) 
Hibernate: select e1_0.produtor_id,e1_0.execucao_id,e1_0.data_execucao,e1_0.deletado_em,e1_0.horas_prestadas,e1_0.servico_id,e1_0.valor_total from execucoes e1_0 where e1_0.produtor_id=? and (e1_0.deletado_em IS NULL) 
Hibernate: select p1_0.execucao_id,p1_0.pagamento_id,p1_0.data_pagamento,p1_0.valor_pago from pagamentos p1_0 where p1_0.execucao_id=?
Hibernate: select e1_0.produtor_id,e1_0.execucao_id,e1_0.data_execucao,e1_0.deletado_em,e1_0.horas_prestadas,e1_0.servico_id,e1_0.valor_total from execucoes e1_0 where e1_0.produtor_id=? and (e1_0.deletado_em IS NULL) 
Hibernate: select p1_0.execucao_id,p1_0.pagamento_id,p1_0.data_pagamento,p1_0.valor_pago from pagamentos p1_0 where p1_0.execucao_id=?
Hibernate: select p1_0.execucao_id,p1_0.pagamento_id,p1_0.data_pagamento,p1_0.valor_pago from pagamentos p1_0 where p1_0.execucao_id=?
Hibernate: select e1_0.produtor_id,e1_0.execucao_id,e1_0.data_execucao,e1_0.deletado_em,e1_0.horas_prestadas,e1_0.servico_id,e1_0.valor_total from execucoes e1_0 where e1_0.produtor_id=? and (e1_0.deletado_em IS NULL) 
Hibernate: select p1_0.execucao_id,p1_0.pagamento_id,p1_0.data_pagamento,p1_0.valor_pago from pagamentos p1_0 where p1_0.execucao_id=?
Hibernate: select e1_0.produtor_id,e1_0.execucao_id,e1_0.data_execucao,e1_0.deletado_em,e1_0.horas_prestadas,e1_0.servico_id,e1_0.valor_total from execucoes e1_0 where e1_0.produtor_id=? and (e1_0.deletado_em IS NULL) 
Hibernate: select p1_0.execucao_id,p1_0.pagamento_id,p1_0.data_pagamento,p1_0.valor_pago from pagamentos p1_0 where p1_0.execucao_id=?
Hibernate: select p1_0.execucao_id,p1_0.pagamento_id,p1_0.data_pagamento,p1_0.valor_pago from pagamentos p1_0 where p1_0.execucao_id=?
Hibernate: select e1_0.produtor_id,e1_0.execucao_id,e1_0.data_execucao,e1_0.deletado_em,e1_0.horas_prestadas,e1_0.servico_id,e1_0.valor_total from execucoes e1_0 where e1_0.produtor_id=? and (e1_0.deletado_em IS NULL) 
Hibernate: select e1_0.produtor_id,e1_0.execucao_id,e1_0.data_execucao,e1_0.deletado_em,e1_0.horas_prestadas,e1_0.servico_id,e1_0.valor_total from execucoes e1_0 where e1_0.produtor_id=? and (e1_0.deletado_em IS NULL) 
Hibernate: select p1_0.execucao_id,p1_0.pagamento_id,p1_0.data_pagamento,p1_0.valor_pago from pagamentos p1_0 where p1_0.execucao_id=?
Hibernate: select p1_0.execucao_id,p1_0.pagamento_id,p1_0.data_pagamento,p1_0.valor_pago from pagamentos p1_0 where p1_0.execucao_id=?
Hibernate: select e1_0.produtor_id,e1_0.execucao_id,e1_0.data_execucao,e1_0.deletado_em,e1_0.horas_prestadas,e1_0.servico_id,e1_0.valor_total from execucoes e1_0 where e1_0.produtor_id=? and (e1_0.deletado_em IS NULL) 
Hibernate: select p1_0.execucao_id,p1_0.pagamento_id,p1_0.data_pagamento,p1_0.valor_pago from pagamentos p1_0 where p1_0.execucao_id=?
Hibernate: select p1_0.execucao_id,p1_0.pagamento_id,p1_0.data_pagamento,p1_0.valor_pago from pagamentos p1_0 where p1_0.execucao_id=?
Hibernate: select e1_0.produtor_id,e1_0.execucao_id,e1_0.data_execucao,e1_0.deletado_em,e1_0.horas_prestadas,e1_0.servico_id,e1_0.valor_total from execucoes e1_0 where e1_0.produtor_id=? and (e1_0.deletado_em IS NULL) 
Hibernate: select p1_0.execucao_id,p1_0.pagamento_id,p1_0.data_pagamento,p1_0.valor_pago from pagamentos p1_0 where p1_0.execucao_id=?
Hibernate: select p1_0.execucao_id,p1_0.pagamento_id,p1_0.data_pagamento,p1_0.valor_pago from pagamentos p1_0 where p1_0.execucao_id=?
Hibernate: select e1_0.produtor_id,e1_0.execucao_id,e1_0.data_execucao,e1_0.deletado_em,e1_0.horas_prestadas,e1_0.servico_id,e1_0.valor_total from execucoes e1_0 where e1_0.produtor_id=? and (e1_0.deletado_em IS NULL) 
Hibernate: select p1_0.execucao_id,p1_0.pagamento_id,p1_0.data_pagamento,p1_0.valor_pago from pagamentos p1_0 where p1_0.execucao_id=?
Hibernate: select e1_0.produtor_id,e1_0.execucao_id,e1_0.data_execucao,e1_0.deletado_em,e1_0.horas_prestadas,e1_0.servico_id,e1_0.valor_total from execucoes e1_0 where e1_0.produtor_id=? and (e1_0.deletado_em IS NULL) 
Hibernate: select e1_0.produtor_id,e1_0.execucao_id,e1_0.data_execucao,e1_0.deletado_em,e1_0.horas_prestadas,e1_0.servico_id,e1_0.valor_total from execucoes e1_0 where e1_0.produtor_id=? and (e1_0.deletado_em IS NULL) 
Hibernate: select p1_0.execucao_id,p1_0.pagamento_id,p1_0.data_pagamento,p1_0.valor_pago from pagamentos p1_0 where p1_0.execucao_id=?
Hibernate: select e1_0.produtor_id,e1_0.execucao_id,e1_0.data_execucao,e1_0.deletado_em,e1_0.horas_prestadas,e1_0.servico_id,e1_0.valor_total from execucoes e1_0 where e1_0.produtor_id=? and (e1_0.deletado_em IS NULL) 
Hibernate: select p1_0.execucao_id,p1_0.pagamento_id,p1_0.data_pagamento,p1_0.valor_pago from pagamentos p1_0 where p1_0.execucao_id=?
Hibernate: select e1_0.produtor_id,e1_0.execucao_id,e1_0.data_execucao,e1_0.deletado_em,e1_0.horas_prestadas,e1_0.servico_id,e1_0.valor_total from execucoes e1_0 where e1_0.produtor_id=? and (e1_0.deletado_em IS NULL) 
Hibernate: select p1_0.execucao_id,p1_0.pagamento_id,p1_0.data_pagamento,p1_0.valor_pago from pagamentos p1_0 where p1_0.execucao_id=?
Hibernate: select e1_0.produtor_id,e1_0.execucao_id,e1_0.data_execucao,e1_0.deletado_em,e1_0.horas_prestadas,e1_0.servico_id,e1_0.valor_total from execucoes e1_0 where e1_0.produtor_id=? and (e1_0.deletado_em IS NULL) 
Hibernate: select p1_0.execucao_id,p1_0.pagamento_id,p1_0.data_pagamento,p1_0.valor_pago from pagamentos p1_0 where p1_0.execucao_id=?
Hibernate: select e1_0.produtor_id,e1_0.execucao_id,e1_0.data_execucao,e1_0.deletado_em,e1_0.horas_prestadas,e1_0.servico_id,e1_0.valor_total from execucoes e1_0 where e1_0.produtor_id=? and (e1_0.deletado_em IS NULL) 
Hibernate: select p1_0.execucao_id,p1_0.pagamento_id,p1_0.data_pagamento,p1_0.valor_pago from pagamentos p1_0 where p1_0.execucao_id=?
Hibernate: select p1_0.execucao_id,p1_0.pagamento_id,p1_0.data_pagamento,p1_0.valor_pago from pagamentos p1_0 where p1_0.execucao_id=?
Hibernate: select e1_0.produtor_id,e1_0.execucao_id,e1_0.data_execucao,e1_0.deletado_em,e1_0.horas_prestadas,e1_0.servico_id,e1_0.valor_total from execucoes e1_0 where e1_0.produtor_id=? and (e1_0.deletado_em IS NULL) 
Hibernate: select p1_0.execucao_id,p1_0.pagamento_id,p1_0.data_pagamento,p1_0.valor_pago from pagamentos p1_0 where p1_0.execucao_id=?
Hibernate: select e1_0.produtor_id,e1_0.execucao_id,e1_0.data_execucao,e1_0.deletado_em,e1_0.horas_prestadas,e1_0.servico_id,e1_0.valor_total from execucoes e1_0 where e1_0.produtor_id=? and (e1_0.deletado_em IS NULL) 
Hibernate: select e1_0.produtor_id,e1_0.execucao_id,e1_0.data_execucao,e1_0.deletado_em,e1_0.horas_prestadas,e1_0.servico_id,e1_0.valor_total from execucoes e1_0 where e1_0.produtor_id=? and (e1_0.deletado_em IS NULL) 
Hibernate: select p1_0.execucao_id,p1_0.pagamento_id,p1_0.data_pagamento,p1_0.valor_pago from pagamentos p1_0 where p1_0.execucao_id=?
Hibernate: select e1_0.produtor_id,e1_0.execucao_id,e1_0.data_execucao,e1_0.deletado_em,e1_0.horas_prestadas,e1_0.servico_id,e1_0.valor_total from execucoes e1_0 where e1_0.produtor_id=? and (e1_0.deletado_em IS NULL) 
Hibernate: select p1_0.execucao_id,p1_0.pagamento_id,p1_0.data_pagamento,p1_0.valor_pago from pagamentos p1_0 where p1_0.execucao_id=?
Hibernate: select p1_0.execucao_id,p1_0.pagamento_id,p1_0.data_pagamento,p1_0.valor_pago from pagamentos p1_0 where p1_0.execucao_id=?
Hibernate: select p1_0.execucao_id,p1_0.pagamento_id,p1_0.data_pagamento,p1_0.valor_pago from pagamentos p1_0 where p1_0.execucao_id=?
Hibernate: select e1_0.produtor_id,e1_0.execucao_id,e1_0.data_execucao,e1_0.deletado_em,e1_0.horas_prestadas,e1_0.servico_id,e1_0.valor_total from execucoes e1_0 where e1_0.produtor_id=? and (e1_0.deletado_em IS NULL) 
Hibernate: select p1_0.execucao_id,p1_0.pagamento_id,p1_0.data_pagamento,p1_0.valor_pago from pagamentos p1_0 where p1_0.execucao_id=?
Hibernate: select p1_0.execucao_id,p1_0.pagamento_id,p1_0.data_pagamento,p1_0.valor_pago from pagamentos p1_0 where p1_0.execucao_id=?
Hibernate: select p1_0.execucao_id,p1_0.pagamento_id,p1_0.data_pagamento,p1_0.valor_pago from pagamentos p1_0 where p1_0.execucao_id=?
Hibernate: select e1_0.produtor_id,e1_0.execucao_id,e1_0.data_execucao,e1_0.deletado_em,e1_0.horas_prestadas,e1_0.servico_id,e1_0.valor_total from execucoes e1_0 where e1_0.produtor_id=? and (e1_0.deletado_em IS NULL) 
Hibernate: select e1_0.produtor_id,e1_0.execucao_id,e1_0.data_execucao,e1_0.deletado_em,e1_0.horas_prestadas,e1_0.servico_id,e1_0.valor_total from execucoes e1_0 where e1_0.produtor_id=? and (e1_0.deletado_em IS NULL) 
Hibernate: select e1_0.produtor_id,e1_0.execucao_id,e1_0.data_execucao,e1_0.deletado_em,e1_0.horas_prestadas,e1_0.servico_id,e1_0.valor_total from execucoes e1_0 where e1_0.produtor_id=? and (e1_0.deletado_em IS NULL) 
Hibernate: select p1_0.execucao_id,p1_0.pagamento_id,p1_0.data_pagamento,p1_0.valor_pago from pagamentos p1_0 where p1_0.execucao_id=?
Hibernate: select e1_0.produtor_id,e1_0.execucao_id,e1_0.data_execucao,e1_0.deletado_em,e1_0.horas_prestadas,e1_0.servico_id,e1_0.valor_total from execucoes e1_0 where e1_0.produtor_id=? and (e1_0.deletado_em IS NULL) 
Hibernate: select p1_0.execucao_id,p1_0.pagamento_id,p1_0.data_pagamento,p1_0.valor_pago from pagamentos p1_0 where p1_0.execucao_id=?
Hibernate: select e1_0.produtor_id,e1_0.execucao_id,e1_0.data_execucao,e1_0.deletado_em,e1_0.horas_prestadas,e1_0.servico_id,e1_0.valor_total from execucoes e1_0 where e1_0.produtor_id=? and (e1_0.deletado_em IS NULL) 
Hibernate: select p1_0.execucao_id,p1_0.pagamento_id,p1_0.data_pagamento,p1_0.valor_pago from pagamentos p1_0 where p1_0.execucao_id=?
Hibernate: select e1_0.produtor_id,e1_0.execucao_id,e1_0.data_execucao,e1_0.deletado_em,e1_0.horas_prestadas,e1_0.servico_id,e1_0.valor_total from execucoes e1_0 where e1_0.produtor_id=? and (e1_0.deletado_em IS NULL) 
Hibernate: select p1_0.execucao_id,p1_0.pagamento_id,p1_0.data_pagamento,p1_0.valor_pago from pagamentos p1_0 where p1_0.execucao_id=?
Hibernate: select p1_0.execucao_id,p1_0.pagamento_id,p1_0.data_pagamento,p1_0.valor_pago from pagamentos p1_0 where p1_0.execucao_id=?
Hibernate: select p1_0.execucao_id,p1_0.pagamento_id,p1_0.data_pagamento,p1_0.valor_pago from pagamentos p1_0 where p1_0.execucao_id=?
Hibernate: select e1_0.produtor_id,e1_0.execucao_id,e1_0.data_execucao,e1_0.deletado_em,e1_0.horas_prestadas,e1_0.servico_id,e1_0.valor_total from execucoes e1_0 where e1_0.produtor_id=? and (e1_0.deletado_em IS NULL) 
Hibernate: select p1_0.execucao_id,p1_0.pagamento_id,p1_0.data_pagamento,p1_0.valor_pago from pagamentos p1_0 where p1_0.execucao_id=?
Hibernate: select p1_0.execucao_id,p1_0.pagamento_id,p1_0.data_pagamento,p1_0.valor_pago from pagamentos p1_0 where p1_0.execucao_id=?
Hibernate: select e1_0.produtor_id,e1_0.execucao_id,e1_0.data_execucao,e1_0.deletado_em,e1_0.horas_prestadas,e1_0.servico_id,e1_0.valor_total from execucoes e1_0 where e1_0.produtor_id=? and (e1_0.deletado_em IS NULL) 
Hibernate: select p1_0.execucao_id,p1_0.pagamento_id,p1_0.data_pagamento,p1_0.valor_pago from pagamentos p1_0 where p1_0.execucao_id=?
Hibernate: select e1_0.produtor_id,e1_0.execucao_id,e1_0.data_execucao,e1_0.deletado_em,e1_0.horas_prestadas,e1_0.servico_id,e1_0.valor_total from execucoes e1_0 where e1_0.produtor_id=? and (e1_0.deletado_em IS NULL) 
Hibernate: select e1_0.produtor_id,e1_0.execucao_id,e1_0.data_execucao,e1_0.deletado_em,e1_0.horas_prestadas,e1_0.servico_id,e1_0.valor_total from execucoes e1_0 where e1_0.produtor_id=? and (e1_0.deletado_em IS NULL) 
Hibernate: select p1_0.execucao_id,p1_0.pagamento_id,p1_0.data_pagamento,p1_0.valor_pago from pagamentos p1_0 where p1_0.execucao_id=?
Hibernate: select p1_0.execucao_id,p1_0.pagamento_id,p1_0.data_pagamento,p1_0.valor_pago from pagamentos p1_0 where p1_0.execucao_id=?
Hibernate: select e1_0.produtor_id,e1_0.execucao_id,e1_0.data_execucao,e1_0.deletado_em,e1_0.horas_prestadas,e1_0.servico_id,e1_0.valor_total from execucoes e1_0 where e1_0.produtor_id=? and (e1_0.deletado_em IS NULL) 
Hibernate: select p1_0.execucao_id,p1_0.pagamento_id,p1_0.data_pagamento,p1_0.valor_pago from pagamentos p1_0 where p1_0.execucao_id=?
Hibernate: select e1_0.produtor_id,e1_0.execucao_id,e1_0.data_execucao,e1_0.deletado_em,e1_0.horas_prestadas,e1_0.servico_id,e1_0.valor_total from execucoes e1_0 where e1_0.produtor_id=? and (e1_0.deletado_em IS NULL) 
Hibernate: select p1_0.execucao_id,p1_0.pagamento_id,p1_0.data_pagamento,p1_0.valor_pago from pagamentos p1_0 where p1_0.execucao_id=?
Hibernate: select p1_0.execucao_id,p1_0.pagamento_id,p1_0.data_pagamento,p1_0.valor_pago from pagamentos p1_0 where p1_0.execucao_id=?
Hibernate: select p1_0.execucao_id,p1_0.pagamento_id,p1_0.data_pagamento,p1_0.valor_pago from pagamentos p1_0 where p1_0.execucao_id=?
Hibernate: select e1_0.produtor_id,e1_0.execucao_id,e1_0.data_execucao,e1_0.deletado_em,e1_0.horas_prestadas,e1_0.servico_id,e1_0.valor_total from execucoes e1_0 where e1_0.produtor_id=? and (e1_0.deletado_em IS NULL) 
Hibernate: select p1_0.execucao_id,p1_0.pagamento_id,p1_0.data_pagamento,p1_0.valor_pago from pagamentos p1_0 where p1_0.execucao_id=?
Hibernate: select e1_0.produtor_id,e1_0.execucao_id,e1_0.data_execucao,e1_0.deletado_em,e1_0.horas_prestadas,e1_0.servico_id,e1_0.valor_total from execucoes e1_0 where e1_0.produtor_id=? and (e1_0.deletado_em IS NULL) 
Hibernate: select e1_0.produtor_id,e1_0.execucao_id,e1_0.data_execucao,e1_0.deletado_em,e1_0.horas_prestadas,e1_0.servico_id,e1_0.valor_total from execucoes e1_0 where e1_0.produtor_id=? and (e1_0.deletado_em IS NULL) 
Hibernate: select p1_0.execucao_id,p1_0.pagamento_id,p1_0.data_pagamento,p1_0.valor_pago from pagamentos p1_0 where p1_0.execucao_id=?
Hibernate: select p1_0.execucao_id,p1_0.pagamento_id,p1_0.data_pagamento,p1_0.valor_pago from pagamentos p1_0 where p1_0.execucao_id=?
Hibernate: select e1_0.produtor_id,e1_0.execucao_id,e1_0.data_execucao,e1_0.deletado_em,e1_0.horas_prestadas,e1_0.servico_id,e1_0.valor_total from execucoes e1_0 where e1_0.produtor_id=? and (e1_0.deletado_em IS NULL) 
Hibernate: select e1_0.produtor_id,e1_0.execucao_id,e1_0.data_execucao,e1_0.deletado_em,e1_0.horas_prestadas,e1_0.servico_id,e1_0.valor_total from execucoes e1_0 where e1_0.produtor_id=? and (e1_0.deletado_em IS NULL) 
Hibernate: select p1_0.execucao_id,p1_0.pagamento_id,p1_0.data_pagamento,p1_0.valor_pago from pagamentos p1_0 where p1_0.execucao_id=?
Hibernate: select p1_0.execucao_id,p1_0.pagamento_id,p1_0.data_pagamento,p1_0.valor_pago from pagamentos p1_0 where p1_0.execucao_id=?
Hibernate: select p1_0.execucao_id,p1_0.pagamento_id,p1_0.data_pagamento,p1_0.valor_pago from pagamentos p1_0 where p1_0.execucao_id=?
Hibernate: select p1_0.execucao_id,p1_0.pagamento_id,p1_0.data_pagamento,p1_0.valor_pago from pagamentos p1_0 where p1_0.execucao_id=?
Hibernate: select e1_0.produtor_id,e1_0.execucao_id,e1_0.data_execucao,e1_0.deletado_em,e1_0.horas_prestadas,e1_0.servico_id,e1_0.valor_total from execucoes e1_0 where e1_0.produtor_id=? and (e1_0.deletado_em IS NULL) 
Hibernate: select p1_0.execucao_id,p1_0.pagamento_id,p1_0.data_pagamento,p1_0.valor_pago from pagamentos p1_0 where p1_0.execucao_id=?
Hibernate: select e1_0.produtor_id,e1_0.execucao_id,e1_0.data_execucao,e1_0.deletado_em,e1_0.horas_prestadas,e1_0.servico_id,e1_0.valor_total from execucoes e1_0 where e1_0.produtor_id=? and (e1_0.deletado_em IS NULL) 
Hibernate: select p1_0.execucao_id,p1_0.pagamento_id,p1_0.data_pagamento,p1_0.valor_pago from pagamentos p1_0 where p1_0.execucao_id=?
Hibernate: select e1_0.produtor_id,e1_0.execucao_id,e1_0.data_execucao,e1_0.deletado_em,e1_0.horas_prestadas,e1_0.servico_id,e1_0.valor_total from execucoes e1_0 where e1_0.produtor_id=? and (e1_0.deletado_em IS NULL) 
Hibernate: select p1_0.execucao_id,p1_0.pagamento_id,p1_0.data_pagamento,p1_0.valor_pago from pagamentos p1_0 where p1_0.execucao_id=?
Hibernate: select e1_0.produtor_id,e1_0.execucao_id,e1_0.data_execucao,e1_0.deletado_em,e1_0.horas_prestadas,e1_0.servico_id,e1_0.valor_total from execucoes e1_0 where e1_0.produtor_id=? and (e1_0.deletado_em IS NULL) 
Hibernate: select e1_0.produtor_id,e1_0.execucao_id,e1_0.data_execucao,e1_0.deletado_em,e1_0.horas_prestadas,e1_0.servico_id,e1_0.valor_total from execucoes e1_0 where e1_0.produtor_id=? and (e1_0.deletado_em IS NULL) 
Hibernate: select p1_0.execucao_id,p1_0.pagamento_id,p1_0.data_pagamento,p1_0.valor_pago from pagamentos p1_0 where p1_0.execucao_id=?
Hibernate: select p1_0.execucao_id,p1_0.pagamento_id,p1_0.data_pagamento,p1_0.valor_pago from pagamentos p1_0 where p1_0.execucao_id=?
Hibernate: select e1_0.produtor_id,e1_0.execucao_id,e1_0.data_execucao,e1_0.deletado_em,e1_0.horas_prestadas,e1_0.servico_id,e1_0.valor_total from execucoes e1_0 where e1_0.produtor_id=? and (e1_0.deletado_em IS NULL) 
Hibernate: select p1_0.execucao_id,p1_0.pagamento_id,p1_0.data_pagamento,p1_0.valor_pago from pagamentos p1_0 where p1_0.execucao_id=?
Hibernate: select e1_0.produtor_id,e1_0.execucao_id,e1_0.data_execucao,e1_0.deletado_em,e1_0.horas_prestadas,e1_0.servico_id,e1_0.valor_total from execucoes e1_0 where e1_0.produtor_id=? and (e1_0.deletado_em IS NULL) 
Hibernate: select p1_0.execucao_id,p1_0.pagamento_id,p1_0.data_pagamento,p1_0.valor_pago from pagamentos p1_0 where p1_0.execucao_id=?
Hibernate: select e1_0.produtor_id,e1_0.execucao_id,e1_0.data_execucao,e1_0.deletado_em,e1_0.horas_prestadas,e1_0.servico_id,e1_0.valor_total from execucoes e1_0 where e1_0.produtor_id=? and (e1_0.deletado_em IS NULL) 
Hibernate: select e1_0.produtor_id,e1_0.execucao_id,e1_0.data_execucao,e1_0.deletado_em,e1_0.horas_prestadas,e1_0.servico_id,e1_0.valor_total from execucoes e1_0 where e1_0.produtor_id=? and (e1_0.deletado_em IS NULL) 
Hibernate: select e1_0.produtor_id,e1_0.execucao_id,e1_0.data_execucao,e1_0.deletado_em,e1_0.horas_prestadas,e1_0.servico_id,e1_0.valor_total from execucoes e1_0 where e1_0.produtor_id=? and (e1_0.deletado_em IS NULL) 
Hibernate: select e1_0.produtor_id,e1_0.execucao_id,e1_0.data_execucao,e1_0.deletado_em,e1_0.horas_prestadas,e1_0.servico_id,e1_0.valor_total from execucoes e1_0 where e1_0.produtor_id=? and (e1_0.deletado_em IS NULL) 
Hibernate: select e1_0.produtor_id,e1_0.execucao_id,e1_0.data_execucao,e1_0.deletado_em,e1_0.horas_prestadas,e1_0.servico_id,e1_0.valor_total from execucoes e1_0 where e1_0.produtor_id=? and (e1_0.deletado_em IS NULL) 
Hibernate: select p1_0.execucao_id,p1_0.pagamento_id,p1_0.data_pagamento,p1_0.valor_pago from pagamentos p1_0 where p1_0.execucao_id=?
Hibernate: select e1_0.produtor_id,e1_0.execucao_id,e1_0.data_execucao,e1_0.deletado_em,e1_0.horas_prestadas,e1_0.servico_id,e1_0.valor_total from execucoes e1_0 where e1_0.produtor_id=? and (e1_0.deletado_em IS NULL) 
Hibernate: select p1_0.execucao_id,p1_0.pagamento_id,p1_0.data_pagamento,p1_0.valor_pago from pagamentos p1_0 where p1_0.execucao_id=?
Hibernate: select p1_0.execucao_id,p1_0.pagamento_id,p1_0.data_pagamento,p1_0.valor_pago from pagamentos p1_0 where p1_0.execucao_id=?
Hibernate: select e1_0.produtor_id,e1_0.execucao_id,e1_0.data_execucao,e1_0.deletado_em,e1_0.horas_prestadas,e1_0.servico_id,e1_0.valor_total from execucoes e1_0 where e1_0.produtor_id=? and (e1_0.deletado_em IS NULL) 
Hibernate: select p1_0.execucao_id,p1_0.pagamento_id,p1_0.data_pagamento,p1_0.valor_pago from pagamentos p1_0 where p1_0.execucao_id=?
Hibernate: select e1_0.produtor_id,e1_0.execucao_id,e1_0.data_execucao,e1_0.deletado_em,e1_0.horas_prestadas,e1_0.servico_id,e1_0.valor_total from execucoes e1_0 where e1_0.produtor_id=? and (e1_0.deletado_em IS NULL) 
Hibernate: select p1_0.execucao_id,p1_0.pagamento_id,p1_0.data_pagamento,p1_0.valor_pago from pagamentos p1_0 where p1_0.execucao_id=?
Hibernate: select e1_0.produtor_id,e1_0.execucao_id,e1_0.data_execucao,e1_0.deletado_em,e1_0.horas_prestadas,e1_0.servico_id,e1_0.valor_total from execucoes e1_0 where e1_0.produtor_id=? and (e1_0.deletado_em IS NULL) 
Hibernate: select e1_0.produtor_id,e1_0.execucao_id,e1_0.data_execucao,e1_0.deletado_em,e1_0.horas_prestadas,e1_0.servico_id,e1_0.valor_total from execucoes e1_0 where e1_0.produtor_id=? and (e1_0.deletado_em IS NULL) 
Hibernate: select p1_0.execucao_id,p1_0.pagamento_id,p1_0.data_pagamento,p1_0.valor_pago from pagamentos p1_0 where p1_0.execucao_id=?
Hibernate: select e1_0.produtor_id,e1_0.execucao_id,e1_0.data_execucao,e1_0.deletado_em,e1_0.horas_prestadas,e1_0.servico_id,e1_0.valor_total from execucoes e1_0 where e1_0.produtor_id=? and (e1_0.deletado_em IS NULL) 
Hibernate: select p1_0.execucao_id,p1_0.pagamento_id,p1_0.data_pagamento,p1_0.valor_pago from pagamentos p1_0 where p1_0.execucao_id=?
Hibernate: select e1_0.produtor_id,e1_0.execucao_id,e1_0.data_execucao,e1_0.deletado_em,e1_0.horas_prestadas,e1_0.servico_id,e1_0.valor_total from execucoes e1_0 where e1_0.produtor_id=? and (e1_0.deletado_em IS NULL) 
Hibernate: select p1_0.execucao_id,p1_0.pagamento_id,p1_0.data_pagamento,p1_0.valor_pago from pagamentos p1_0 where p1_0.execucao_id=?
Hibernate: select e1_0.produtor_id,e1_0.execucao_id,e1_0.data_execucao,e1_0.deletado_em,e1_0.horas_prestadas,e1_0.servico_id,e1_0.valor_total from execucoes e1_0 where e1_0.produtor_id=? and (e1_0.deletado_em IS NULL) 
Hibernate: select p1_0.execucao_id,p1_0.pagamento_id,p1_0.data_pagamento,p1_0.valor_pago from pagamentos p1_0 where p1_0.execucao_id=?
Hibernate: select p1_0.execucao_id,p1_0.pagamento_id,p1_0.data_pagamento,p1_0.valor_pago from pagamentos p1_0 where p1_0.execucao_id=?
Hibernate: select e1_0.produtor_id,e1_0.execucao_id,e1_0.data_execucao,e1_0.deletado_em,e1_0.horas_prestadas,e1_0.servico_id,e1_0.valor_total from execucoes e1_0 where e1_0.produtor_id=? and (e1_0.deletado_em IS NULL) 
Hibernate: select e1_0.produtor_id,e1_0.execucao_id,e1_0.data_execucao,e1_0.deletado_em,e1_0.horas_prestadas,e1_0.servico_id,e1_0.valor_total from execucoes e1_0 where e1_0.produtor_id=? and (e1_0.deletado_em IS NULL) 
Hibernate: select p1_0.execucao_id,p1_0.pagamento_id,p1_0.data_pagamento,p1_0.valor_pago from pagamentos p1_0 where p1_0.execucao_id=?
Hibernate: select e1_0.produtor_id,e1_0.execucao_id,e1_0.data_execucao,e1_0.deletado_em,e1_0.horas_prestadas,e1_0.servico_id,e1_0.valor_total from execucoes e1_0 where e1_0.produtor_id=? and (e1_0.deletado_em IS NULL) 
Hibernate: select p1_0.execucao_id,p1_0.pagamento_id,p1_0.data_pagamento,p1_0.valor_pago from pagamentos p1_0 where p1_0.execucao_id=?
Hibernate: select p1_0.execucao_id,p1_0.pagamento_id,p1_0.data_pagamento,p1_0.valor_pago from pagamentos p1_0 where p1_0.execucao_id=?
Hibernate: select e1_0.produtor_id,e1_0.execucao_id,e1_0.data_execucao,e1_0.deletado_em,e1_0.horas_prestadas,e1_0.servico_id,e1_0.valor_total from execucoes e1_0 where e1_0.produtor_id=? and (e1_0.deletado_em IS NULL) 
Hibernate: select e1_0.produtor_id,e1_0.execucao_id,e1_0.data_execucao,e1_0.deletado_em,e1_0.horas_prestadas,e1_0.servico_id,e1_0.valor_total from execucoes e1_0 where e1_0.produtor_id=? and (e1_0.deletado_em IS NULL) 
Hibernate: select p1_0.execucao_id,p1_0.pagamento_id,p1_0.data_pagamento,p1_0.valor_pago from pagamentos p1_0 where p1_0.execucao_id=?
Hibernate: select e1_0.produtor_id,e1_0.execucao_id,e1_0.data_execucao,e1_0.deletado_em,e1_0.horas_prestadas,e1_0.servico_id,e1_0.valor_total from execucoes e1_0 where e1_0.produtor_id=? and (e1_0.deletado_em IS NULL) 
Hibernate: select e1_0.produtor_id,e1_0.execucao_id,e1_0.data_execucao,e1_0.deletado_em,e1_0.horas_prestadas,e1_0.servico_id,e1_0.valor_total from execucoes e1_0 where e1_0.produtor_id=? and (e1_0.deletado_em IS NULL) 
Hibernate: select p1_0.execucao_id,p1_0.pagamento_id,p1_0.data_pagamento,p1_0.valor_pago from pagamentos p1_0 where p1_0.execucao_id=?
Hibernate: select e1_0.produtor_id,e1_0.execucao_id,e1_0.data_execucao,e1_0.deletado_em,e1_0.horas_prestadas,e1_0.servico_id,e1_0.valor_total from execucoes e1_0 where e1_0.produtor_id=? and (e1_0.deletado_em IS NULL) 
Hibernate: select p1_0.execucao_id,p1_0.pagamento_id,p1_0.data_pagamento,p1_0.valor_pago from pagamentos p1_0 where p1_0.execucao_id=?
Hibernate: select e1_0.produtor_id,e1_0.execucao_id,e1_0.data_execucao,e1_0.deletado_em,e1_0.horas_prestadas,e1_0.servico_id,e1_0.valor_total from execucoes e1_0 where e1_0.produtor_id=? and (e1_0.deletado_em IS NULL) 
Hibernate: select e1_0.produtor_id,e1_0.execucao_id,e1_0.data_execucao,e1_0.deletado_em,e1_0.horas_prestadas,e1_0.servico_id,e1_0.valor_total from execucoes e1_0 where e1_0.produtor_id=? and (e1_0.deletado_em IS NULL) 
Hibernate: select e1_0.produtor_id,e1_0.execucao_id,e1_0.data_execucao,e1_0.deletado_em,e1_0.horas_prestadas,e1_0.servico_id,e1_0.valor_total from execucoes e1_0 where e1_0.produtor_id=? and (e1_0.deletado_em IS NULL) 
Hibernate: select p1_0.execucao_id,p1_0.pagamento_id,p1_0.data_pagamento,p1_0.valor_pago from pagamentos p1_0 where p1_0.execucao_id=?
Hibernate: select e1_0.produtor_id,e1_0.execucao_id,e1_0.data_execucao,e1_0.deletado_em,e1_0.horas_prestadas,e1_0.servico_id,e1_0.valor_total from execucoes e1_0 where e1_0.produtor_id=? and (e1_0.deletado_em IS NULL) 
Hibernate: select p1_0.execucao_id,p1_0.pagamento_id,p1_0.data_pagamento,p1_0.valor_pago from pagamentos p1_0 where p1_0.execucao_id=?
Hibernate: select e1_0.produtor_id,e1_0.execucao_id,e1_0.data_execucao,e1_0.deletado_em,e1_0.horas_prestadas,e1_0.servico_id,e1_0.valor_total from execucoes e1_0 where e1_0.produtor_id=? and (e1_0.deletado_em IS NULL) 
Hibernate: select e1_0.produtor_id,e1_0.execucao_id,e1_0.data_execucao,e1_0.deletado_em,e1_0.horas_prestadas,e1_0.servico_id,e1_0.valor_total from execucoes e1_0 where e1_0.produtor_id=? and (e1_0.deletado_em IS NULL) 
Hibernate: select e1_0.produtor_id,e1_0.execucao_id,e1_0.data_execucao,e1_0.deletado_em,e1_0.horas_prestadas,e1_0.servico_id,e1_0.valor_total from execucoes e1_0 where e1_0.produtor_id=? and (e1_0.deletado_em IS NULL) 
Hibernate: select e1_0.produtor_id,e1_0.execucao_id,e1_0.data_execucao,e1_0.deletado_em,e1_0.horas_prestadas,e1_0.servico_id,e1_0.valor_total from execucoes e1_0 where e1_0.produtor_id=? and (e1_0.deletado_em IS NULL) 
Hibernate: select p1_0.execucao_id,p1_0.pagamento_id,p1_0.data_pagamento,p1_0.valor_pago from pagamentos p1_0 where p1_0.execucao_id=?
Hibernate: select e1_0.produtor_id,e1_0.execucao_id,e1_0.data_execucao,e1_0.deletado_em,e1_0.horas_prestadas,e1_0.servico_id,e1_0.valor_total from execucoes e1_0 where e1_0.produtor_id=? and (e1_0.deletado_em IS NULL) 
Hibernate: select p1_0.execucao_id,p1_0.pagamento_id,p1_0.data_pagamento,p1_0.valor_pago from pagamentos p1_0 where p1_0.execucao_id=?
Hibernate: select e1_0.produtor_id,e1_0.execucao_id,e1_0.data_execucao,e1_0.deletado_em,e1_0.horas_prestadas,e1_0.servico_id,e1_0.valor_total from execucoes e1_0 where e1_0.produtor_id=? and (e1_0.deletado_em IS NULL) 
Hibernate: select p1_0.execucao_id,p1_0.pagamento_id,p1_0.data_pagamento,p1_0.valor_pago from pagamentos p1_0 where p1_0.execucao_id=?
Hibernate: select e1_0.produtor_id,e1_0.execucao_id,e1_0.data_execucao,e1_0.deletado_em,e1_0.horas_prestadas,e1_0.servico_id,e1_0.valor_total from execucoes e1_0 where e1_0.produtor_id=? and (e1_0.deletado_em IS NULL) 
Hibernate: select p1_0.execucao_id,p1_0.pagamento_id,p1_0.data_pagamento,p1_0.valor_pago from pagamentos p1_0 where p1_0.execucao_id=?
Hibernate: select e1_0.produtor_id,e1_0.execucao_id,e1_0.data_execucao,e1_0.deletado_em,e1_0.horas_prestadas,e1_0.servico_id,e1_0.valor_total from execucoes e1_0 where e1_0.produtor_id=? and (e1_0.deletado_em IS NULL) 
Hibernate: select p1_0.execucao_id,p1_0.pagamento_id,p1_0.data_pagamento,p1_0.valor_pago from pagamentos p1_0 where p1_0.execucao_id=?
Hibernate: select e1_0.produtor_id,e1_0.execucao_id,e1_0.data_execucao,e1_0.deletado_em,e1_0.horas_prestadas,e1_0.servico_id,e1_0.valor_total from execucoes e1_0 where e1_0.produtor_id=? and (e1_0.deletado_em IS NULL) 
Hibernate: select p1_0.execucao_id,p1_0.pagamento_id,p1_0.data_pagamento,p1_0.valor_pago from pagamentos p1_0 where p1_0.execucao_id=?
Hibernate: select p1_0.execucao_id,p1_0.pagamento_id,p1_0.data_pagamento,p1_0.valor_pago from pagamentos p1_0 where p1_0.execucao_id=?
Hibernate: select e1_0.produtor_id,e1_0.execucao_id,e1_0.data_execucao,e1_0.deletado_em,e1_0.horas_prestadas,e1_0.servico_id,e1_0.valor_total from execucoes e1_0 where e1_0.produtor_id=? and (e1_0.deletado_em IS NULL) 
Hibernate: select e1_0.produtor_id,e1_0.execucao_id,e1_0.data_execucao,e1_0.deletado_em,e1_0.horas_prestadas,e1_0.servico_id,e1_0.valor_total from execucoes e1_0 where e1_0.produtor_id=? and (e1_0.deletado_em IS NULL) 
Hibernate: select p1_0.execucao_id,p1_0.pagamento_id,p1_0.data_pagamento,p1_0.valor_pago from pagamentos p1_0 where p1_0.execucao_id=?
Hibernate: select p1_0.execucao_id,p1_0.pagamento_id,p1_0.data_pagamento,p1_0.valor_pago from pagamentos p1_0 where p1_0.execucao_id=?
Hibernate: select e1_0.produtor_id,e1_0.execucao_id,e1_0.data_execucao,e1_0.deletado_em,e1_0.horas_prestadas,e1_0.servico_id,e1_0.valor_total from execucoes e1_0 where e1_0.produtor_id=? and (e1_0.deletado_em IS NULL) 
Hibernate: select p1_0.execucao_id,p1_0.pagamento_id,p1_0.data_pagamento,p1_0.valor_pago from pagamentos p1_0 where p1_0.execucao_id=?
Hibernate: select e1_0.produtor_id,e1_0.execucao_id,e1_0.data_execucao,e1_0.deletado_em,e1_0.horas_prestadas,e1_0.servico_id,e1_0.valor_total from execucoes e1_0 where e1_0.produtor_id=? and (e1_0.deletado_em IS NULL) 
Hibernate: select p1_0.execucao_id,p1_0.pagamento_id,p1_0.data_pagamento,p1_0.valor_pago from pagamentos p1_0 where p1_0.execucao_id=?
Hibernate: select e1_0.produtor_id,e1_0.execucao_id,e1_0.data_execucao,e1_0.deletado_em,e1_0.horas_prestadas,e1_0.servico_id,e1_0.valor_total from execucoes e1_0 where e1_0.produtor_id=? and (e1_0.deletado_em IS NULL) 
Hibernate: select p1_0.execucao_id,p1_0.pagamento_id,p1_0.data_pagamento,p1_0.valor_pago from pagamentos p1_0 where p1_0.execucao_id=?
Hibernate: select e1_0.produtor_id,e1_0.execucao_id,e1_0.data_execucao,e1_0.deletado_em,e1_0.horas_prestadas,e1_0.servico_id,e1_0.valor_total from execucoes e1_0 where e1_0.produtor_id=? and (e1_0.deletado_em IS NULL) 
Hibernate: select p1_0.execucao_id,p1_0.pagamento_id,p1_0.data_pagamento,p1_0.valor_pago from pagamentos p1_0 where p1_0.execucao_id=?
Hibernate: select e1_0.produtor_id,e1_0.execucao_id,e1_0.data_execucao,e1_0.deletado_em,e1_0.horas_prestadas,e1_0.servico_id,e1_0.valor_total from execucoes e1_0 where e1_0.produtor_id=? and (e1_0.deletado_em IS NULL) 
Hibernate: select p1_0.execucao_id,p1_0.pagamento_id,p1_0.data_pagamento,p1_0.valor_pago from pagamentos p1_0 where p1_0.execucao_id=?
Hibernate: select e1_0.produtor_id,e1_0.execucao_id,e1_0.data_execucao,e1_0.deletado_em,e1_0.horas_prestadas,e1_0.servico_id,e1_0.valor_total from execucoes e1_0 where e1_0.produtor_id=? and (e1_0.deletado_em IS NULL) 
Hibernate: select p1_0.execucao_id,p1_0.pagamento_id,p1_0.data_pagamento,p1_0.valor_pago from pagamentos p1_0 where p1_0.execucao_id=?
Hibernate: select e1_0.produtor_id,e1_0.execucao_id,e1_0.data_execucao,e1_0.deletado_em,e1_0.horas_prestadas,e1_0.servico_id,e1_0.valor_total from execucoes e1_0 where e1_0.produtor_id=? and (e1_0.deletado_em IS NULL) 
Hibernate: select p1_0.execucao_id,p1_0.pagamento_id,p1_0.data_pagamento,p1_0.valor_pago from pagamentos p1_0 where p1_0.execucao_id=?
Hibernate: select e1_0.produtor_id,e1_0.execucao_id,e1_0.data_execucao,e1_0.deletado_em,e1_0.horas_prestadas,e1_0.servico_id,e1_0.valor_total from execucoes e1_0 where e1_0.produtor_id=? and (e1_0.deletado_em IS NULL) 
Hibernate: select p1_0.execucao_id,p1_0.pagamento_id,p1_0.data_pagamento,p1_0.valor_pago from pagamentos p1_0 where p1_0.execucao_id=?
Hibernate: select e1_0.produtor_id,e1_0.execucao_id,e1_0.data_execucao,e1_0.deletado_em,e1_0.horas_prestadas,e1_0.servico_id,e1_0.valor_total from execucoes e1_0 where e1_0.produtor_id=? and (e1_0.deletado_em IS NULL) 
Hibernate: select e1_0.produtor_id,e1_0.execucao_id,e1_0.data_execucao,e1_0.deletado_em,e1_0.horas_prestadas,e1_0.servico_id,e1_0.valor_total from execucoes e1_0 where e1_0.produtor_id=? and (e1_0.deletado_em IS NULL) 
Hibernate: select e1_0.produtor_id,e1_0.execucao_id,e1_0.data_execucao,e1_0.deletado_em,e1_0.horas_prestadas,e1_0.servico_id,e1_0.valor_total from execucoes e1_0 where e1_0.produtor_id=? and (e1_0.deletado_em IS NULL) 
Hibernate: select e1_0.produtor_id,e1_0.execucao_id,e1_0.data_execucao,e1_0.deletado_em,e1_0.horas_prestadas,e1_0.servico_id,e1_0.valor_total from execucoes e1_0 where e1_0.produtor_id=? and (e1_0.deletado_em IS NULL) 
Hibernate: select p1_0.execucao_id,p1_0.pagamento_id,p1_0.data_pagamento,p1_0.valor_pago from pagamentos p1_0 where p1_0.execucao_id=?
Hibernate: select e1_0.produtor_id,e1_0.execucao_id,e1_0.data_execucao,e1_0.deletado_em,e1_0.horas_prestadas,e1_0.servico_id,e1_0.valor_total from execucoes e1_0 where e1_0.produtor_id=? and (e1_0.deletado_em IS NULL) 
Hibernate: select p1_0.execucao_id,p1_0.pagamento_id,p1_0.data_pagamento,p1_0.valor_pago from pagamentos p1_0 where p1_0.execucao_id=?
Hibernate: select p1_0.execucao_id,p1_0.pagamento_id,p1_0.data_pagamento,p1_0.valor_pago from pagamentos p1_0 where p1_0.execucao_id=?
Hibernate: select e1_0.produtor_id,e1_0.execucao_id,e1_0.data_execucao,e1_0.deletado_em,e1_0.horas_prestadas,e1_0.servico_id,e1_0.valor_total from execucoes e1_0 where e1_0.produtor_id=? and (e1_0.deletado_em IS NULL) 
Hibernate: select p1_0.execucao_id,p1_0.pagamento_id,p1_0.data_pagamento,p1_0.valor_pago from pagamentos p1_0 where p1_0.execucao_id=?
Hibernate: select e1_0.produtor_id,e1_0.execucao_id,e1_0.data_execucao,e1_0.deletado_em,e1_0.horas_prestadas,e1_0.servico_id,e1_0.valor_total from execucoes e1_0 where e1_0.produtor_id=? and (e1_0.deletado_em IS NULL) 
Hibernate: select e1_0.produtor_id,e1_0.execucao_id,e1_0.data_execucao,e1_0.deletado_em,e1_0.horas_prestadas,e1_0.servico_id,e1_0.valor_total from execucoes e1_0 where e1_0.produtor_id=? and (e1_0.deletado_em IS NULL) 
Hibernate: select e1_0.produtor_id,e1_0.execucao_id,e1_0.data_execucao,e1_0.deletado_em,e1_0.horas_prestadas,e1_0.servico_id,e1_0.valor_total from execucoes e1_0 where e1_0.produtor_id=? and (e1_0.deletado_em IS NULL) 
Hibernate: select p1_0.execucao_id,p1_0.pagamento_id,p1_0.data_pagamento,p1_0.valor_pago from pagamentos p1_0 where p1_0.execucao_id=?
Hibernate: select e1_0.produtor_id,e1_0.execucao_id,e1_0.data_execucao,e1_0.deletado_em,e1_0.horas_prestadas,e1_0.servico_id,e1_0.valor_total from execucoes e1_0 where e1_0.produtor_id=? and (e1_0.deletado_em IS NULL) 
Hibernate: select p1_0.execucao_id,p1_0.pagamento_id,p1_0.data_pagamento,p1_0.valor_pago from pagamentos p1_0 where p1_0.execucao_id=?
Hibernate: select p1_0.execucao_id,p1_0.pagamento_id,p1_0.data_pagamento,p1_0.valor_pago from pagamentos p1_0 where p1_0.execucao_id=?
Hibernate: select p1_0.execucao_id,p1_0.pagamento_id,p1_0.data_pagamento,p1_0.valor_pago from pagamentos p1_0 where p1_0.execucao_id=?
Hibernate: select p1_0.execucao_id,p1_0.pagamento_id,p1_0.data_pagamento,p1_0.valor_pago from pagamentos p1_0 where p1_0.execucao_id=?
Hibernate: select e1_0.produtor_id,e1_0.execucao_id,e1_0.data_execucao,e1_0.deletado_em,e1_0.horas_prestadas,e1_0.servico_id,e1_0.valor_total from execucoes e1_0 where e1_0.produtor_id=? and (e1_0.deletado_em IS NULL) 
Hibernate: select e1_0.produtor_id,e1_0.execucao_id,e1_0.data_execucao,e1_0.deletado_em,e1_0.horas_prestadas,e1_0.servico_id,e1_0.valor_total from execucoes e1_0 where e1_0.produtor_id=? and (e1_0.deletado_em IS NULL) 
Hibernate: select p1_0.execucao_id,p1_0.pagamento_id,p1_0.data_pagamento,p1_0.valor_pago from pagamentos p1_0 where p1_0.execucao_id=?
Hibernate: select e1_0.produtor_id,e1_0.execucao_id,e1_0.data_execucao,e1_0.deletado_em,e1_0.horas_prestadas,e1_0.servico_id,e1_0.valor_total from execucoes e1_0 where e1_0.produtor_id=? and (e1_0.deletado_em IS NULL) 
Hibernate: select p1_0.execucao_id,p1_0.pagamento_id,p1_0.data_pagamento,p1_0.valor_pago from pagamentos p1_0 where p1_0.execucao_id=?
Hibernate: select p1_0.execucao_id,p1_0.pagamento_id,p1_0.data_pagamento,p1_0.valor_pago from pagamentos p1_0 where p1_0.execucao_id=?
Hibernate: select e1_0.produtor_id,e1_0.execucao_id,e1_0.data_execucao,e1_0.deletado_em,e1_0.horas_prestadas,e1_0.servico_id,e1_0.valor_total from execucoes e1_0 where e1_0.produtor_id=? and (e1_0.deletado_em IS NULL) 
Hibernate: select e1_0.produtor_id,e1_0.execucao_id,e1_0.data_execucao,e1_0.deletado_em,e1_0.horas_prestadas,e1_0.servico_id,e1_0.valor_total from execucoes e1_0 where e1_0.produtor_id=? and (e1_0.deletado_em IS NULL) 
Hibernate: select p1_0.execucao_id,p1_0.pagamento_id,p1_0.data_pagamento,p1_0.valor_pago from pagamentos p1_0 where p1_0.execucao_id=?
Hibernate: select e1_0.produtor_id,e1_0.execucao_id,e1_0.data_execucao,e1_0.deletado_em,e1_0.horas_prestadas,e1_0.servico_id,e1_0.valor_total from execucoes e1_0 where e1_0.produtor_id=? and (e1_0.deletado_em IS NULL) 
Hibernate: select p1_0.execucao_id,p1_0.pagamento_id,p1_0.data_pagamento,p1_0.valor_pago from pagamentos p1_0 where p1_0.execucao_id=?
Hibernate: select e1_0.produtor_id,e1_0.execucao_id,e1_0.data_execucao,e1_0.deletado_em,e1_0.horas_prestadas,e1_0.servico_id,e1_0.valor_total from execucoes e1_0 where e1_0.produtor_id=? and (e1_0.deletado_em IS NULL) 
Hibernate: select p1_0.execucao_id,p1_0.pagamento_id,p1_0.data_pagamento,p1_0.valor_pago from pagamentos p1_0 where p1_0.execucao_id=?
Hibernate: select e1_0.produtor_id,e1_0.execucao_id,e1_0.data_execucao,e1_0.deletado_em,e1_0.horas_prestadas,e1_0.servico_id,e1_0.valor_total from execucoes e1_0 where e1_0.produtor_id=? and (e1_0.deletado_em IS NULL) 
Hibernate: select p1_0.execucao_id,p1_0.pagamento_id,p1_0.data_pagamento,p1_0.valor_pago from pagamentos p1_0 where p1_0.execucao_id=?
Hibernate: select e1_0.produtor_id,e1_0.execucao_id,e1_0.data_execucao,e1_0.deletado_em,e1_0.horas_prestadas,e1_0.servico_id,e1_0.valor_total from execucoes e1_0 where e1_0.produtor_id=? and (e1_0.deletado_em IS NULL) 
Hibernate: select p1_0.execucao_id,p1_0.pagamento_id,p1_0.data_pagamento,p1_0.valor_pago from pagamentos p1_0 where p1_0.execucao_id=?
Hibernate: select e1_0.produtor_id,e1_0.execucao_id,e1_0.data_execucao,e1_0.deletado_em,e1_0.horas_prestadas,e1_0.servico_id,e1_0.valor_total from execucoes e1_0 where e1_0.produtor_id=? and (e1_0.deletado_em IS NULL) 
Hibernate: select p1_0.execucao_id,p1_0.pagamento_id,p1_0.data_pagamento,p1_0.valor_pago from pagamentos p1_0 where p1_0.execucao_id=?
Hibernate: select p1_0.execucao_id,p1_0.pagamento_id,p1_0.data_pagamento,p1_0.valor_pago from pagamentos p1_0 where p1_0.execucao_id=?
Hibernate: select p1_0.execucao_id,p1_0.pagamento_id,p1_0.data_pagamento,p1_0.valor_pago from pagamentos p1_0 where p1_0.execucao_id=?
Hibernate: select e1_0.produtor_id,e1_0.execucao_id,e1_0.data_execucao,e1_0.deletado_em,e1_0.horas_prestadas,e1_0.servico_id,e1_0.valor_total from execucoes e1_0 where e1_0.produtor_id=? and (e1_0.deletado_em IS NULL) 
Hibernate: select p1_0.execucao_id,p1_0.pagamento_id,p1_0.data_pagamento,p1_0.valor_pago from pagamentos p1_0 where p1_0.execucao_id=?
Hibernate: select e1_0.produtor_id,e1_0.execucao_id,e1_0.data_execucao,e1_0.deletado_em,e1_0.horas_prestadas,e1_0.servico_id,e1_0.valor_total from execucoes e1_0 where e1_0.produtor_id=? and (e1_0.deletado_em IS NULL) 
Hibernate: select p1_0.execucao_id,p1_0.pagamento_id,p1_0.data_pagamento,p1_0.valor_pago from pagamentos p1_0 where p1_0.execucao_id=?
Hibernate: select p1_0.execucao_id,p1_0.pagamento_id,p1_0.data_pagamento,p1_0.valor_pago from pagamentos p1_0 where p1_0.execucao_id=?
Hibernate: select p1_0.execucao_id,p1_0.pagamento_id,p1_0.data_pagamento,p1_0.valor_pago from pagamentos p1_0 where p1_0.execucao_id=?
Hibernate: select e1_0.produtor_id,e1_0.execucao_id,e1_0.data_execucao,e1_0.deletado_em,e1_0.horas_prestadas,e1_0.servico_id,e1_0.valor_total from execucoes e1_0 where e1_0.produtor_id=? and (e1_0.deletado_em IS NULL) 
Hibernate: select p1_0.execucao_id,p1_0.pagamento_id,p1_0.data_pagamento,p1_0.valor_pago from pagamentos p1_0 where p1_0.execucao_id=?
Hibernate: select p1_0.execucao_id,p1_0.pagamento_id,p1_0.data_pagamento,p1_0.valor_pago from pagamentos p1_0 where p1_0.execucao_id=?
Hibernate: select e1_0.produtor_id,e1_0.execucao_id,e1_0.data_execucao,e1_0.deletado_em,e1_0.horas_prestadas,e1_0.servico_id,e1_0.valor_total from execucoes e1_0 where e1_0.produtor_id=? and (e1_0.deletado_em IS NULL) 
Hibernate: select e1_0.produtor_id,e1_0.execucao_id,e1_0.data_execucao,e1_0.deletado_em,e1_0.horas_prestadas,e1_0.servico_id,e1_0.valor_total from execucoes e1_0 where e1_0.produtor_id=? and (e1_0.deletado_em IS NULL) 
Hibernate: select p1_0.execucao_id,p1_0.pagamento_id,p1_0.data_pagamento,p1_0.valor_pago from pagamentos p1_0 where p1_0.execucao_id=?
Hibernate: select p1_0.execucao_id,p1_0.pagamento_id,p1_0.data_pagamento,p1_0.valor_pago from pagamentos p1_0 where p1_0.execucao_id=?
Hibernate: select e1_0.produtor_id,e1_0.execucao_id,e1_0.data_execucao,e1_0.deletado_em,e1_0.horas_prestadas,e1_0.servico_id,e1_0.valor_total from execucoes e1_0 where e1_0.produtor_id=? and (e1_0.deletado_em IS NULL) 
Hibernate: select p1_0.execucao_id,p1_0.pagamento_id,p1_0.data_pagamento,p1_0.valor_pago from pagamentos p1_0 where p1_0.execucao_id=?
Hibernate: select e1_0.produtor_id,e1_0.execucao_id,e1_0.data_execucao,e1_0.deletado_em,e1_0.horas_prestadas,e1_0.servico_id,e1_0.valor_total from execucoes e1_0 where e1_0.produtor_id=? and (e1_0.deletado_em IS NULL) 
Hibernate: select e1_0.produtor_id,e1_0.execucao_id,e1_0.data_execucao,e1_0.deletado_em,e1_0.horas_prestadas,e1_0.servico_id,e1_0.valor_total from execucoes e1_0 where e1_0.produtor_id=? and (e1_0.deletado_em IS NULL) 
Hibernate: select p1_0.execucao_id,p1_0.pagamento_id,p1_0.data_pagamento,p1_0.valor_pago from pagamentos p1_0 where p1_0.execucao_id=?
Hibernate: select p1_0.execucao_id,p1_0.pagamento_id,p1_0.data_pagamento,p1_0.valor_pago from pagamentos p1_0 where p1_0.execucao_id=?
Hibernate: select e1_0.produtor_id,e1_0.execucao_id,e1_0.data_execucao,e1_0.deletado_em,e1_0.horas_prestadas,e1_0.servico_id,e1_0.valor_total from execucoes e1_0 where e1_0.produtor_id=? and (e1_0.deletado_em IS NULL) 
Hibernate: select p1_0.execucao_id,p1_0.pagamento_id,p1_0.data_pagamento,p1_0.valor_pago from pagamentos p1_0 where p1_0.execucao_id=?
Hibernate: select e1_0.produtor_id,e1_0.execucao_id,e1_0.data_execucao,e1_0.deletado_em,e1_0.horas_prestadas,e1_0.servico_id,e1_0.valor_total from execucoes e1_0 where e1_0.produtor_id=? and (e1_0.deletado_em IS NULL) 
Hibernate: select p1_0.execucao_id,p1_0.pagamento_id,p1_0.data_pagamento,p1_0.valor_pago from pagamentos p1_0 where p1_0.execucao_id=?
Hibernate: select p1_0.execucao_id,p1_0.pagamento_id,p1_0.data_pagamento,p1_0.valor_pago from pagamentos p1_0 where p1_0.execucao_id=?
Hibernate: select e1_0.produtor_id,e1_0.execucao_id,e1_0.data_execucao,e1_0.deletado_em,e1_0.horas_prestadas,e1_0.servico_id,e1_0.valor_total from execucoes e1_0 where e1_0.produtor_id=? and (e1_0.deletado_em IS NULL) 
Hibernate: select e1_0.produtor_id,e1_0.execucao_id,e1_0.data_execucao,e1_0.deletado_em,e1_0.horas_prestadas,e1_0.servico_id,e1_0.valor_total from execucoes e1_0 where e1_0.produtor_id=? and (e1_0.deletado_em IS NULL) 
Hibernate: select p1_0.execucao_id,p1_0.pagamento_id,p1_0.data_pagamento,p1_0.valor_pago from pagamentos p1_0 where p1_0.execucao_id=?
Hibernate: select p1_0.execucao_id,p1_0.pagamento_id,p1_0.data_pagamento,p1_0.valor_pago from pagamentos p1_0 where p1_0.execucao_id=?
Hibernate: select e1_0.produtor_id,e1_0.execucao_id,e1_0.data_execucao,e1_0.deletado_em,e1_0.horas_prestadas,e1_0.servico_id,e1_0.valor_total from execucoes e1_0 where e1_0.produtor_id=? and (e1_0.deletado_em IS NULL) 
Hibernate: select p1_0.execucao_id,p1_0.pagamento_id,p1_0.data_pagamento,p1_0.valor_pago from pagamentos p1_0 where p1_0.execucao_id=?
Hibernate: select e1_0.produtor_id,e1_0.execucao_id,e1_0.data_execucao,e1_0.deletado_em,e1_0.horas_prestadas,e1_0.servico_id,e1_0.valor_total from execucoes e1_0 where e1_0.produtor_id=? and (e1_0.deletado_em IS NULL) 
Hibernate: select p1_0.execucao_id,p1_0.pagamento_id,p1_0.data_pagamento,p1_0.valor_pago from pagamentos p1_0 where p1_0.execucao_id=?
Hibernate: select e1_0.produtor_id,e1_0.execucao_id,e1_0.data_execucao,e1_0.deletado_em,e1_0.horas_prestadas,e1_0.servico_id,e1_0.valor_total from execucoes e1_0 where e1_0.produtor_id=? and (e1_0.deletado_em IS NULL) 
Hibernate: select p1_0.execucao_id,p1_0.pagamento_id,p1_0.data_pagamento,p1_0.valor_pago from pagamentos p1_0 where p1_0.execucao_id=?
Hibernate: select e1_0.produtor_id,e1_0.execucao_id,e1_0.data_execucao,e1_0.deletado_em,e1_0.horas_prestadas,e1_0.servico_id,e1_0.valor_total from execucoes e1_0 where e1_0.produtor_id=? and (e1_0.deletado_em IS NULL) 
Hibernate: select p1_0.execucao_id,p1_0.pagamento_id,p1_0.data_pagamento,p1_0.valor_pago from pagamentos p1_0 where p1_0.execucao_id=?
Hibernate: select e1_0.produtor_id,e1_0.execucao_id,e1_0.data_execucao,e1_0.deletado_em,e1_0.horas_prestadas,e1_0.servico_id,e1_0.valor_total from execucoes e1_0 where e1_0.produtor_id=? and (e1_0.deletado_em IS NULL) 
Hibernate: select p1_0.execucao_id,p1_0.pagamento_id,p1_0.data_pagamento,p1_0.valor_pago from pagamentos p1_0 where p1_0.execucao_id=?
Hibernate: select p1_0.execucao_id,p1_0.pagamento_id,p1_0.data_pagamento,p1_0.valor_pago from pagamentos p1_0 where p1_0.execucao_id=?
Hibernate: select e1_0.produtor_id,e1_0.execucao_id,e1_0.data_execucao,e1_0.deletado_em,e1_0.horas_prestadas,e1_0.servico_id,e1_0.valor_total from execucoes e1_0 where e1_0.produtor_id=? and (e1_0.deletado_em IS NULL) 
Hibernate: select p1_0.execucao_id,p1_0.pagamento_id,p1_0.data_pagamento,p1_0.valor_pago from pagamentos p1_0 where p1_0.execucao_id=?
Hibernate: select p1_0.execucao_id,p1_0.pagamento_id,p1_0.data_pagamento,p1_0.valor_pago from pagamentos p1_0 where p1_0.execucao_id=?
Hibernate: select e1_0.produtor_id,e1_0.execucao_id,e1_0.data_execucao,e1_0.deletado_em,e1_0.horas_prestadas,e1_0.servico_id,e1_0.valor_total from execucoes e1_0 where e1_0.produtor_id=? and (e1_0.deletado_em IS NULL) 
Hibernate: select p1_0.execucao_id,p1_0.pagamento_id,p1_0.data_pagamento,p1_0.valor_pago from pagamentos p1_0 where p1_0.execucao_id=?
Hibernate: select e1_0.produtor_id,e1_0.execucao_id,e1_0.data_execucao,e1_0.deletado_em,e1_0.horas_prestadas,e1_0.servico_id,e1_0.valor_total from execucoes e1_0 where e1_0.produtor_id=? and (e1_0.deletado_em IS NULL) 
Hibernate: select e1_0.produtor_id,e1_0.execucao_id,e1_0.data_execucao,e1_0.deletado_em,e1_0.horas_prestadas,e1_0.servico_id,e1_0.valor_total from execucoes e1_0 where e1_0.produtor_id=? and (e1_0.deletado_em IS NULL) 
Hibernate: select e1_0.produtor_id,e1_0.execucao_id,e1_0.data_execucao,e1_0.deletado_em,e1_0.horas_prestadas,e1_0.servico_id,e1_0.valor_total from execucoes e1_0 where e1_0.produtor_id=? and (e1_0.deletado_em IS NULL) 
Hibernate: select p1_0.execucao_id,p1_0.pagamento_id,p1_0.data_pagamento,p1_0.valor_pago from pagamentos p1_0 where p1_0.execucao_id=?
Hibernate: select p1_0.execucao_id,p1_0.pagamento_id,p1_0.data_pagamento,p1_0.valor_pago from pagamentos p1_0 where p1_0.execucao_id=?
Hibernate: select p1_0.execucao_id,p1_0.pagamento_id,p1_0.data_pagamento,p1_0.valor_pago from pagamentos p1_0 where p1_0.execucao_id=?
Hibernate: select e1_0.produtor_id,e1_0.execucao_id,e1_0.data_execucao,e1_0.deletado_em,e1_0.horas_prestadas,e1_0.servico_id,e1_0.valor_total from execucoes e1_0 where e1_0.produtor_id=? and (e1_0.deletado_em IS NULL) 
Hibernate: select p1_0.execucao_id,p1_0.pagamento_id,p1_0.data_pagamento,p1_0.valor_pago from pagamentos p1_0 where p1_0.execucao_id=?
Hibernate: select p1_0.execucao_id,p1_0.pagamento_id,p1_0.data_pagamento,p1_0.valor_pago from pagamentos p1_0 where p1_0.execucao_id=?
Hibernate: select e1_0.produtor_id,e1_0.execucao_id,e1_0.data_execucao,e1_0.deletado_em,e1_0.horas_prestadas,e1_0.servico_id,e1_0.valor_total from execucoes e1_0 where e1_0.produtor_id=? and (e1_0.deletado_em IS NULL) 
Hibernate: select p1_0.execucao_id,p1_0.pagamento_id,p1_0.data_pagamento,p1_0.valor_pago from pagamentos p1_0 where p1_0.execucao_id=?
Hibernate: select e1_0.produtor_id,e1_0.execucao_id,e1_0.data_execucao,e1_0.deletado_em,e1_0.horas_prestadas,e1_0.servico_id,e1_0.valor_total from execucoes e1_0 where e1_0.produtor_id=? and (e1_0.deletado_em IS NULL) 
Hibernate: select e1_0.produtor_id,e1_0.execucao_id,e1_0.data_execucao,e1_0.deletado_em,e1_0.horas_prestadas,e1_0.servico_id,e1_0.valor_total from execucoes e1_0 where e1_0.produtor_id=? and (e1_0.deletado_em IS NULL) 
Hibernate: select e1_0.produtor_id,e1_0.execucao_id,e1_0.data_execucao,e1_0.deletado_em,e1_0.horas_prestadas,e1_0.servico_id,e1_0.valor_total from execucoes e1_0 where e1_0.produtor_id=? and (e1_0.deletado_em IS NULL) 
Hibernate: select p1_0.execucao_id,p1_0.pagamento_id,p1_0.data_pagamento,p1_0.valor_pago from pagamentos p1_0 where p1_0.execucao_id=?
Hibernate: select e1_0.produtor_id,e1_0.execucao_id,e1_0.data_execucao,e1_0.deletado_em,e1_0.horas_prestadas,e1_0.servico_id,e1_0.valor_total from execucoes e1_0 where e1_0.produtor_id=? and (e1_0.deletado_em IS NULL) 
Hibernate: select p1_0.execucao_id,p1_0.pagamento_id,p1_0.data_pagamento,p1_0.valor_pago from pagamentos p1_0 where p1_0.execucao_id=?
Hibernate: select e1_0.produtor_id,e1_0.execucao_id,e1_0.data_execucao,e1_0.deletado_em,e1_0.horas_prestadas,e1_0.servico_id,e1_0.valor_total from execucoes e1_0 where e1_0.produtor_id=? and (e1_0.deletado_em IS NULL) 
Hibernate: select p1_0.execucao_id,p1_0.pagamento_id,p1_0.data_pagamento,p1_0.valor_pago from pagamentos p1_0 where p1_0.execucao_id=?
Hibernate: select p1_0.execucao_id,p1_0.pagamento_id,p1_0.data_pagamento,p1_0.valor_pago from pagamentos p1_0 where p1_0.execucao_id=?
Hibernate: select p1_0.execucao_id,p1_0.pagamento_id,p1_0.data_pagamento,p1_0.valor_pago from pagamentos p1_0 where p1_0.execucao_id=?
Hibernate: select e1_0.produtor_id,e1_0.execucao_id,e1_0.data_execucao,e1_0.deletado_em,e1_0.horas_prestadas,e1_0.servico_id,e1_0.valor_total from execucoes e1_0 where e1_0.produtor_id=? and (e1_0.deletado_em IS NULL) 
Hibernate: select p1_0.execucao_id,p1_0.pagamento_id,p1_0.data_pagamento,p1_0.valor_pago from pagamentos p1_0 where p1_0.execucao_id=?
Hibernate: select p1_0.execucao_id,p1_0.pagamento_id,p1_0.data_pagamento,p1_0.valor_pago from pagamentos p1_0 where p1_0.execucao_id=?
Hibernate: select e1_0.produtor_id,e1_0.execucao_id,e1_0.data_execucao,e1_0.deletado_em,e1_0.horas_prestadas,e1_0.servico_id,e1_0.valor_total from execucoes e1_0 where e1_0.produtor_id=? and (e1_0.deletado_em IS NULL) 
Hibernate: select p1_0.execucao_id,p1_0.pagamento_id,p1_0.data_pagamento,p1_0.valor_pago from pagamentos p1_0 where p1_0.execucao_id=?
Hibernate: select e1_0.produtor_id,e1_0.execucao_id,e1_0.data_execucao,e1_0.deletado_em,e1_0.horas_prestadas,e1_0.servico_id,e1_0.valor_total from execucoes e1_0 where e1_0.produtor_id=? and (e1_0.deletado_em IS NULL) 
Hibernate: select p1_0.execucao_id,p1_0.pagamento_id,p1_0.data_pagamento,p1_0.valor_pago from pagamentos p1_0 where p1_0.execucao_id=?
Hibernate: select p1_0.execucao_id,p1_0.pagamento_id,p1_0.data_pagamento,p1_0.valor_pago from pagamentos p1_0 where p1_0.execucao_id=?
Hibernate: select e1_0.produtor_id,e1_0.execucao_id,e1_0.data_execucao,e1_0.deletado_em,e1_0.horas_prestadas,e1_0.servico_id,e1_0.valor_total from execucoes e1_0 where e1_0.produtor_id=? and (e1_0.deletado_em IS NULL) 
Hibernate: select p1_0.execucao_id,p1_0.pagamento_id,p1_0.data_pagamento,p1_0.valor_pago from pagamentos p1_0 where p1_0.execucao_id=?
Hibernate: select e1_0.produtor_id,e1_0.execucao_id,e1_0.data_execucao,e1_0.deletado_em,e1_0.horas_prestadas,e1_0.servico_id,e1_0.valor_total from execucoes e1_0 where e1_0.produtor_id=? and (e1_0.deletado_em IS NULL) 
Hibernate: select e1_0.produtor_id,e1_0.execucao_id,e1_0.data_execucao,e1_0.deletado_em,e1_0.horas_prestadas,e1_0.servico_id,e1_0.valor_total from execucoes e1_0 where e1_0.produtor_id=? and (e1_0.deletado_em IS NULL) 
Hibernate: select p1_0.execucao_id,p1_0.pagamento_id,p1_0.data_pagamento,p1_0.valor_pago from pagamentos p1_0 where p1_0.execucao_id=?
Hibernate: select e1_0.produtor_id,e1_0.execucao_id,e1_0.data_execucao,e1_0.deletado_em,e1_0.horas_prestadas,e1_0.servico_id,e1_0.valor_total from execucoes e1_0 where e1_0.produtor_id=? and (e1_0.deletado_em IS NULL) 
Hibernate: select p1_0.execucao_id,p1_0.pagamento_id,p1_0.data_pagamento,p1_0.valor_pago from pagamentos p1_0 where p1_0.execucao_id=?
Hibernate: select p1_0.execucao_id,p1_0.pagamento_id,p1_0.data_pagamento,p1_0.valor_pago from pagamentos p1_0 where p1_0.execucao_id=?
Hibernate: select p1_0.execucao_id,p1_0.pagamento_id,p1_0.data_pagamento,p1_0.valor_pago from pagamentos p1_0 where p1_0.execucao_id=?
Hibernate: select e1_0.produtor_id,e1_0.execucao_id,e1_0.data_execucao,e1_0.deletado_em,e1_0.horas_prestadas,e1_0.servico_id,e1_0.valor_total from execucoes e1_0 where e1_0.produtor_id=? and (e1_0.deletado_em IS NULL) 
Hibernate: select e1_0.produtor_id,e1_0.execucao_id,e1_0.data_execucao,e1_0.deletado_em,e1_0.horas_prestadas,e1_0.servico_id,e1_0.valor_total from execucoes e1_0 where e1_0.produtor_id=? and (e1_0.deletado_em IS NULL) 
Hibernate: select e1_0.produtor_id,e1_0.execucao_id,e1_0.data_execucao,e1_0.deletado_em,e1_0.horas_prestadas,e1_0.servico_id,e1_0.valor_total from execucoes e1_0 where e1_0.produtor_id=? and (e1_0.deletado_em IS NULL) 
Hibernate: select p1_0.execucao_id,p1_0.pagamento_id,p1_0.data_pagamento,p1_0.valor_pago from pagamentos p1_0 where p1_0.execucao_id=?
Hibernate: select e1_0.produtor_id,e1_0.execucao_id,e1_0.data_execucao,e1_0.deletado_em,e1_0.horas_prestadas,e1_0.servico_id,e1_0.valor_total from execucoes e1_0 where e1_0.produtor_id=? and (e1_0.deletado_em IS NULL) 
Hibernate: select p1_0.execucao_id,p1_0.pagamento_id,p1_0.data_pagamento,p1_0.valor_pago from pagamentos p1_0 where p1_0.execucao_id=?
Hibernate: select p1_0.execucao_id,p1_0.pagamento_id,p1_0.data_pagamento,p1_0.valor_pago from pagamentos p1_0 where p1_0.execucao_id=?
Hibernate: select e1_0.produtor_id,e1_0.execucao_id,e1_0.data_execucao,e1_0.deletado_em,e1_0.horas_prestadas,e1_0.servico_id,e1_0.valor_total from execucoes e1_0 where e1_0.produtor_id=? and (e1_0.deletado_em IS NULL) 
Hibernate: select p1_0.execucao_id,p1_0.pagamento_id,p1_0.data_pagamento,p1_0.valor_pago from pagamentos p1_0 where p1_0.execucao_id=?
Hibernate: select e1_0.produtor_id,e1_0.execucao_id,e1_0.data_execucao,e1_0.deletado_em,e1_0.horas_prestadas,e1_0.servico_id,e1_0.valor_total from execucoes e1_0 where e1_0.produtor_id=? and (e1_0.deletado_em IS NULL) 
Hibernate: select e1_0.produtor_id,e1_0.execucao_id,e1_0.data_execucao,e1_0.deletado_em,e1_0.horas_prestadas,e1_0.servico_id,e1_0.valor_total from execucoes e1_0 where e1_0.produtor_id=? and (e1_0.deletado_em IS NULL) 
Hibernate: select e1_0.produtor_id,e1_0.execucao_id,e1_0.data_execucao,e1_0.deletado_em,e1_0.horas_prestadas,e1_0.servico_id,e1_0.valor_total from execucoes e1_0 where e1_0.produtor_id=? and (e1_0.deletado_em IS NULL) 
Hibernate: select p1_0.execucao_id,p1_0.pagamento_id,p1_0.data_pagamento,p1_0.valor_pago from pagamentos p1_0 where p1_0.execucao_id=?
Hibernate: select e1_0.produtor_id,e1_0.execucao_id,e1_0.data_execucao,e1_0.deletado_em,e1_0.horas_prestadas,e1_0.servico_id,e1_0.valor_total from execucoes e1_0 where e1_0.produtor_id=? and (e1_0.deletado_em IS NULL) 
Hibernate: select p1_0.execucao_id,p1_0.pagamento_id,p1_0.data_pagamento,p1_0.valor_pago from pagamentos p1_0 where p1_0.execucao_id=?
Hibernate: select e1_0.produtor_id,e1_0.execucao_id,e1_0.data_execucao,e1_0.deletado_em,e1_0.horas_prestadas,e1_0.servico_id,e1_0.valor_total from execucoes e1_0 where e1_0.produtor_id=? and (e1_0.deletado_em IS NULL) 
Hibernate: select p1_0.execucao_id,p1_0.pagamento_id,p1_0.data_pagamento,p1_0.valor_pago from pagamentos p1_0 where p1_0.execucao_id=?
Hibernate: select p1_0.execucao_id,p1_0.pagamento_id,p1_0.data_pagamento,p1_0.valor_pago from pagamentos p1_0 where p1_0.execucao_id=?
Hibernate: select p1_0.execucao_id,p1_0.pagamento_id,p1_0.data_pagamento,p1_0.valor_pago from pagamentos p1_0 where p1_0.execucao_id=?
Hibernate: select e1_0.produtor_id,e1_0.execucao_id,e1_0.data_execucao,e1_0.deletado_em,e1_0.horas_prestadas,e1_0.servico_id,e1_0.valor_total from execucoes e1_0 where e1_0.produtor_id=? and (e1_0.deletado_em IS NULL) 
Hibernate: select p1_0.execucao_id,p1_0.pagamento_id,p1_0.data_pagamento,p1_0.valor_pago from pagamentos p1_0 where p1_0.execucao_id=?
Hibernate: select p1_0.execucao_id,p1_0.pagamento_id,p1_0.data_pagamento,p1_0.valor_pago from pagamentos p1_0 where p1_0.execucao_id=?
Hibernate: select e1_0.produtor_id,e1_0.execucao_id,e1_0.data_execucao,e1_0.deletado_em,e1_0.horas_prestadas,e1_0.servico_id,e1_0.valor_total from execucoes e1_0 where e1_0.produtor_id=? and (e1_0.deletado_em IS NULL) 
Hibernate: select p1_0.execucao_id,p1_0.pagamento_id,p1_0.data_pagamento,p1_0.valor_pago from pagamentos p1_0 where p1_0.execucao_id=?
Hibernate: select p1_0.execucao_id,p1_0.pagamento_id,p1_0.data_pagamento,p1_0.valor_pago from pagamentos p1_0 where p1_0.execucao_id=?
Hibernate: select e1_0.produtor_id,e1_0.execucao_id,e1_0.data_execucao,e1_0.deletado_em,e1_0.horas_prestadas,e1_0.servico_id,e1_0.valor_total from execucoes e1_0 where e1_0.produtor_id=? and (e1_0.deletado_em IS NULL) 
Hibernate: select p1_0.execucao_id,p1_0.pagamento_id,p1_0.data_pagamento,p1_0.valor_pago from pagamentos p1_0 where p1_0.execucao_id=?
Hibernate: select e1_0.produtor_id,e1_0.execucao_id,e1_0.data_execucao,e1_0.deletado_em,e1_0.horas_prestadas,e1_0.servico_id,e1_0.valor_total from execucoes e1_0 where e1_0.produtor_id=? and (e1_0.deletado_em IS NULL) 
Hibernate: select p1_0.execucao_id,p1_0.pagamento_id,p1_0.data_pagamento,p1_0.valor_pago from pagamentos p1_0 where p1_0.execucao_id=?
Hibernate: select p1_0.execucao_id,p1_0.pagamento_id,p1_0.data_pagamento,p1_0.valor_pago from pagamentos p1_0 where p1_0.execucao_id=?
Hibernate: select p1_0.execucao_id,p1_0.pagamento_id,p1_0.data_pagamento,p1_0.valor_pago from pagamentos p1_0 where p1_0.execucao_id=?
Hibernate: select e1_0.produtor_id,e1_0.execucao_id,e1_0.data_execucao,e1_0.deletado_em,e1_0.horas_prestadas,e1_0.servico_id,e1_0.valor_total from execucoes e1_0 where e1_0.produtor_id=? and (e1_0.deletado_em IS NULL) 
Hibernate: select e1_0.produtor_id,e1_0.execucao_id,e1_0.data_execucao,e1_0.deletado_em,e1_0.horas_prestadas,e1_0.servico_id,e1_0.valor_total from execucoes e1_0 where e1_0.produtor_id=? and (e1_0.deletado_em IS NULL) 
Hibernate: select p1_0.execucao_id,p1_0.pagamento_id,p1_0.data_pagamento,p1_0.valor_pago from pagamentos p1_0 where p1_0.execucao_id=?
Hibernate: select e1_0.produtor_id,e1_0.execucao_id,e1_0.data_execucao,e1_0.deletado_em,e1_0.horas_prestadas,e1_0.servico_id,e1_0.valor_total from execucoes e1_0 where e1_0.produtor_id=? and (e1_0.deletado_em IS NULL) 
Hibernate: select p1_0.execucao_id,p1_0.pagamento_id,p1_0.data_pagamento,p1_0.valor_pago from pagamentos p1_0 where p1_0.execucao_id=?
Hibernate: select e1_0.produtor_id,e1_0.execucao_id,e1_0.data_execucao,e1_0.deletado_em,e1_0.horas_prestadas,e1_0.servico_id,e1_0.valor_total from execucoes e1_0 where e1_0.produtor_id=? and (e1_0.deletado_em IS NULL) 
Hibernate: select e1_0.produtor_id,e1_0.execucao_id,e1_0.data_execucao,e1_0.deletado_em,e1_0.horas_prestadas,e1_0.servico_id,e1_0.valor_total from execucoes e1_0 where e1_0.produtor_id=? and (e1_0.deletado_em IS NULL) 
Hibernate: select p1_0.execucao_id,p1_0.pagamento_id,p1_0.data_pagamento,p1_0.valor_pago from pagamentos p1_0 where p1_0.execucao_id=?
Hibernate: select p1_0.execucao_id,p1_0.pagamento_id,p1_0.data_pagamento,p1_0.valor_pago from pagamentos p1_0 where p1_0.execucao_id=?
Hibernate: select p1_0.execucao_id,p1_0.pagamento_id,p1_0.data_pagamento,p1_0.valor_pago from pagamentos p1_0 where p1_0.execucao_id=?
Hibernate: select e1_0.produtor_id,e1_0.execucao_id,e1_0.data_execucao,e1_0.deletado_em,e1_0.horas_prestadas,e1_0.servico_id,e1_0.valor_total from execucoes e1_0 where e1_0.produtor_id=? and (e1_0.deletado_em IS NULL) 
Hibernate: select p1_0.execucao_id,p1_0.pagamento_id,p1_0.data_pagamento,p1_0.valor_pago from pagamentos p1_0 where p1_0.execucao_id=?
Hibernate: select e1_0.produtor_id,e1_0.execucao_id,e1_0.data_execucao,e1_0.deletado_em,e1_0.horas_prestadas,e1_0.servico_id,e1_0.valor_total from execucoes e1_0 where e1_0.produtor_id=? and (e1_0.deletado_em IS NULL) 
Hibernate: select e1_0.produtor_id,e1_0.execucao_id,e1_0.data_execucao,e1_0.deletado_em,e1_0.horas_prestadas,e1_0.servico_id,e1_0.valor_total from execucoes e1_0 where e1_0.produtor_id=? and (e1_0.deletado_em IS NULL) 
Hibernate: select p1_0.execucao_id,p1_0.pagamento_id,p1_0.data_pagamento,p1_0.valor_pago from pagamentos p1_0 where p1_0.execucao_id=?
Hibernate: select e1_0.produtor_id,e1_0.execucao_id,e1_0.data_execucao,e1_0.deletado_em,e1_0.horas_prestadas,e1_0.servico_id,e1_0.valor_total from execucoes e1_0 where e1_0.produtor_id=? and (e1_0.deletado_em IS NULL) 
Hibernate: select p1_0.execucao_id,p1_0.pagamento_id,p1_0.data_pagamento,p1_0.valor_pago from pagamentos p1_0 where p1_0.execucao_id=?
Hibernate: select p1_0.execucao_id,p1_0.pagamento_id,p1_0.data_pagamento,p1_0.valor_pago from pagamentos p1_0 where p1_0.execucao_id=?
Hibernate: select p1_0.execucao_id,p1_0.pagamento_id,p1_0.data_pagamento,p1_0.valor_pago from pagamentos p1_0 where p1_0.execucao_id=?
Hibernate: select e1_0.produtor_id,e1_0.execucao_id,e1_0.data_execucao,e1_0.deletado_em,e1_0.horas_prestadas,e1_0.servico_id,e1_0.valor_total from execucoes e1_0 where e1_0.produtor_id=? and (e1_0.deletado_em IS NULL) 
Hibernate: select p1_0.execucao_id,p1_0.pagamento_id,p1_0.data_pagamento,p1_0.valor_pago from pagamentos p1_0 where p1_0.execucao_id=?
Hibernate: select p1_0.execucao_id,p1_0.pagamento_id,p1_0.data_pagamento,p1_0.valor_pago from pagamentos p1_0 where p1_0.execucao_id=?
Hibernate: select e1_0.produtor_id,e1_0.execucao_id,e1_0.data_execucao,e1_0.deletado_em,e1_0.horas_prestadas,e1_0.servico_id,e1_0.valor_total from execucoes e1_0 where e1_0.produtor_id=? and (e1_0.deletado_em IS NULL) 
Hibernate: select p1_0.execucao_id,p1_0.pagamento_id,p1_0.data_pagamento,p1_0.valor_pago from pagamentos p1_0 where p1_0.execucao_id=?
Hibernate: select e1_0.produtor_id,e1_0.execucao_id,e1_0.data_execucao,e1_0.deletado_em,e1_0.horas_prestadas,e1_0.servico_id,e1_0.valor_total from execucoes e1_0 where e1_0.produtor_id=? and (e1_0.deletado_em IS NULL) 
Hibernate: select p1_0.execucao_id,p1_0.pagamento_id,p1_0.data_pagamento,p1_0.valor_pago from pagamentos p1_0 where p1_0.execucao_id=?
Hibernate: select e1_0.produtor_id,e1_0.execucao_id,e1_0.data_execucao,e1_0.deletado_em,e1_0.horas_prestadas,e1_0.servico_id,e1_0.valor_total from execucoes e1_0 where e1_0.produtor_id=? and (e1_0.deletado_em IS NULL) 
Hibernate: select e1_0.produtor_id,e1_0.execucao_id,e1_0.data_execucao,e1_0.deletado_em,e1_0.horas_prestadas,e1_0.servico_id,e1_0.valor_total from execucoes e1_0 where e1_0.produtor_id=? and (e1_0.deletado_em IS NULL) 
Hibernate: select p1_0.execucao_id,p1_0.pagamento_id,p1_0.data_pagamento,p1_0.valor_pago from pagamentos p1_0 where p1_0.execucao_id=?
Hibernate: select e1_0.produtor_id,e1_0.execucao_id,e1_0.data_execucao,e1_0.deletado_em,e1_0.horas_prestadas,e1_0.servico_id,e1_0.valor_total from execucoes e1_0 where e1_0.produtor_id=? and (e1_0.deletado_em IS NULL) 
Hibernate: select p1_0.execucao_id,p1_0.pagamento_id,p1_0.data_pagamento,p1_0.valor_pago from pagamentos p1_0 where p1_0.execucao_id=?
Hibernate: select e1_0.produtor_id,e1_0.execucao_id,e1_0.data_execucao,e1_0.deletado_em,e1_0.horas_prestadas,e1_0.servico_id,e1_0.valor_total from execucoes e1_0 where e1_0.produtor_id=? and (e1_0.deletado_em IS NULL) 
Hibernate: select e1_0.produtor_id,e1_0.execucao_id,e1_0.data_execucao,e1_0.deletado_em,e1_0.horas_prestadas,e1_0.servico_id,e1_0.valor_total from execucoes e1_0 where e1_0.produtor_id=? and (e1_0.deletado_em IS NULL) 
Hibernate: select p1_0.execucao_id,p1_0.pagamento_id,p1_0.data_pagamento,p1_0.valor_pago from pagamentos p1_0 where p1_0.execucao_id=?
Hibernate: select e1_0.produtor_id,e1_0.execucao_id,e1_0.data_execucao,e1_0.deletado_em,e1_0.horas_prestadas,e1_0.servico_id,e1_0.valor_total from execucoes e1_0 where e1_0.produtor_id=? and (e1_0.deletado_em IS NULL) 
Hibernate: select p1_0.execucao_id,p1_0.pagamento_id,p1_0.data_pagamento,p1_0.valor_pago from pagamentos p1_0 where p1_0.execucao_id=?
Hibernate: select p1_0.execucao_id,p1_0.pagamento_id,p1_0.data_pagamento,p1_0.valor_pago from pagamentos p1_0 where p1_0.execucao_id=?
Hibernate: select p1_0.execucao_id,p1_0.pagamento_id,p1_0.data_pagamento,p1_0.valor_pago from pagamentos p1_0 where p1_0.execucao_id=?
Hibernate: select e1_0.produtor_id,e1_0.execucao_id,e1_0.data_execucao,e1_0.deletado_em,e1_0.horas_prestadas,e1_0.servico_id,e1_0.valor_total from execucoes e1_0 where e1_0.produtor_id=? and (e1_0.deletado_em IS NULL) 
Hibernate: select p1_0.execucao_id,p1_0.pagamento_id,p1_0.data_pagamento,p1_0.valor_pago from pagamentos p1_0 where p1_0.execucao_id=?
Hibernate: select e1_0.produtor_id,e1_0.execucao_id,e1_0.data_execucao,e1_0.deletado_em,e1_0.horas_prestadas,e1_0.servico_id,e1_0.valor_total from execucoes e1_0 where e1_0.produtor_id=? and (e1_0.deletado_em IS NULL) 
Hibernate: select e1_0.produtor_id,e1_0.execucao_id,e1_0.data_execucao,e1_0.deletado_em,e1_0.horas_prestadas,e1_0.servico_id,e1_0.valor_total from execucoes e1_0 where e1_0.produtor_id=? and (e1_0.deletado_em IS NULL) 
Hibernate: select p1_0.execucao_id,p1_0.pagamento_id,p1_0.data_pagamento,p1_0.valor_pago from pagamentos p1_0 where p1_0.execucao_id=?
Hibernate: select e1_0.produtor_id,e1_0.execucao_id,e1_0.data_execucao,e1_0.deletado_em,e1_0.horas_prestadas,e1_0.servico_id,e1_0.valor_total from execucoes e1_0 where e1_0.produtor_id=? and (e1_0.deletado_em IS NULL) 
Hibernate: select p1_0.execucao_id,p1_0.pagamento_id,p1_0.data_pagamento,p1_0.valor_pago from pagamentos p1_0 where p1_0.execucao_id=?
Hibernate: select p1_0.execucao_id,p1_0.pagamento_id,p1_0.data_pagamento,p1_0.valor_pago from pagamentos p1_0 where p1_0.execucao_id=?
Hibernate: select e1_0.produtor_id,e1_0.execucao_id,e1_0.data_execucao,e1_0.deletado_em,e1_0.horas_prestadas,e1_0.servico_id,e1_0.valor_total from execucoes e1_0 where e1_0.produtor_id=? and (e1_0.deletado_em IS NULL) 
Hibernate: select p1_0.execucao_id,p1_0.pagamento_id,p1_0.data_pagamento,p1_0.valor_pago from pagamentos p1_0 where p1_0.execucao_id=?
Hibernate: select e1_0.produtor_id,e1_0.execucao_id,e1_0.data_execucao,e1_0.deletado_em,e1_0.horas_prestadas,e1_0.servico_id,e1_0.valor_total from execucoes e1_0 where e1_0.produtor_id=? and (e1_0.deletado_em IS NULL) 
Hibernate: select p1_0.execucao_id,p1_0.pagamento_id,p1_0.data_pagamento,p1_0.valor_pago from pagamentos p1_0 where p1_0.execucao_id=?
Hibernate: select p1_0.execucao_id,p1_0.pagamento_id,p1_0.data_pagamento,p1_0.valor_pago from pagamentos p1_0 where p1_0.execucao_id=?
Hibernate: select e1_0.produtor_id,e1_0.execucao_id,e1_0.data_execucao,e1_0.deletado_em,e1_0.horas_prestadas,e1_0.servico_id,e1_0.valor_total from execucoes e1_0 where e1_0.produtor_id=? and (e1_0.deletado_em IS NULL) 
Hibernate: select p1_0.execucao_id,p1_0.pagamento_id,p1_0.data_pagamento,p1_0.valor_pago from pagamentos p1_0 where p1_0.execucao_id=?
Hibernate: select e1_0.produtor_id,e1_0.execucao_id,e1_0.data_execucao,e1_0.deletado_em,e1_0.horas_prestadas,e1_0.servico_id,e1_0.valor_total from execucoes e1_0 where e1_0.produtor_id=? and (e1_0.deletado_em IS NULL) 
Hibernate: select p1_0.execucao_id,p1_0.pagamento_id,p1_0.data_pagamento,p1_0.valor_pago from pagamentos p1_0 where p1_0.execucao_id=?
Hibernate: select e1_0.produtor_id,e1_0.execucao_id,e1_0.data_execucao,e1_0.deletado_em,e1_0.horas_prestadas,e1_0.servico_id,e1_0.valor_total from execucoes e1_0 where e1_0.produtor_id=? and (e1_0.deletado_em IS NULL) 
Hibernate: select p1_0.execucao_id,p1_0.pagamento_id,p1_0.data_pagamento,p1_0.valor_pago from pagamentos p1_0 where p1_0.execucao_id=?
Hibernate: select e1_0.produtor_id,e1_0.execucao_id,e1_0.data_execucao,e1_0.deletado_em,e1_0.horas_prestadas,e1_0.servico_id,e1_0.valor_total from execucoes e1_0 where e1_0.produtor_id=? and (e1_0.deletado_em IS NULL) 
Hibernate: select p1_0.execucao_id,p1_0.pagamento_id,p1_0.data_pagamento,p1_0.valor_pago from pagamentos p1_0 where p1_0.execucao_id=?
Hibernate: select e1_0.produtor_id,e1_0.execucao_id,e1_0.data_execucao,e1_0.deletado_em,e1_0.horas_prestadas,e1_0.servico_id,e1_0.valor_total from execucoes e1_0 where e1_0.produtor_id=? and (e1_0.deletado_em IS NULL) 
Hibernate: select p1_0.execucao_id,p1_0.pagamento_id,p1_0.data_pagamento,p1_0.valor_pago from pagamentos p1_0 where p1_0.execucao_id=?
Hibernate: select e1_0.produtor_id,e1_0.execucao_id,e1_0.data_execucao,e1_0.deletado_em,e1_0.horas_prestadas,e1_0.servico_id,e1_0.valor_total from execucoes e1_0 where e1_0.produtor_id=? and (e1_0.deletado_em IS NULL) 
Hibernate: select e1_0.produtor_id,e1_0.execucao_id,e1_0.data_execucao,e1_0.deletado_em,e1_0.horas_prestadas,e1_0.servico_id,e1_0.valor_total from execucoes e1_0 where e1_0.produtor_id=? and (e1_0.deletado_em IS NULL) 
Hibernate: select p1_0.execucao_id,p1_0.pagamento_id,p1_0.data_pagamento,p1_0.valor_pago from pagamentos p1_0 where p1_0.execucao_id=?
Hibernate: select e1_0.produtor_id,e1_0.execucao_id,e1_0.data_execucao,e1_0.deletado_em,e1_0.horas_prestadas,e1_0.servico_id,e1_0.valor_total from execucoes e1_0 where e1_0.produtor_id=? and (e1_0.deletado_em IS NULL) 
Hibernate: select p1_0.execucao_id,p1_0.pagamento_id,p1_0.data_pagamento,p1_0.valor_pago from pagamentos p1_0 where p1_0.execucao_id=?
Hibernate: select e1_0.produtor_id,e1_0.execucao_id,e1_0.data_execucao,e1_0.deletado_em,e1_0.horas_prestadas,e1_0.servico_id,e1_0.valor_total from execucoes e1_0 where e1_0.produtor_id=? and (e1_0.deletado_em IS NULL) 
Hibernate: select p1_0.execucao_id,p1_0.pagamento_id,p1_0.data_pagamento,p1_0.valor_pago from pagamentos p1_0 where p1_0.execucao_id=?
Hibernate: select e1_0.produtor_id,e1_0.execucao_id,e1_0.data_execucao,e1_0.deletado_em,e1_0.horas_prestadas,e1_0.servico_id,e1_0.valor_total from execucoes e1_0 where e1_0.produtor_id=? and (e1_0.deletado_em IS NULL) 
Hibernate: select e1_0.produtor_id,e1_0.execucao_id,e1_0.data_execucao,e1_0.deletado_em,e1_0.horas_prestadas,e1_0.servico_id,e1_0.valor_total from execucoes e1_0 where e1_0.produtor_id=? and (e1_0.deletado_em IS NULL) 
Hibernate: select e1_0.produtor_id,e1_0.execucao_id,e1_0.data_execucao,e1_0.deletado_em,e1_0.horas_prestadas,e1_0.servico_id,e1_0.valor_total from execucoes e1_0 where e1_0.produtor_id=? and (e1_0.deletado_em IS NULL) 
Hibernate: select e1_0.produtor_id,e1_0.execucao_id,e1_0.data_execucao,e1_0.deletado_em,e1_0.horas_prestadas,e1_0.servico_id,e1_0.valor_total from execucoes e1_0 where e1_0.produtor_id=? and (e1_0.deletado_em IS NULL) 
Hibernate: select p1_0.execucao_id,p1_0.pagamento_id,p1_0.data_pagamento,p1_0.valor_pago from pagamentos p1_0 where p1_0.execucao_id=?
Hibernate: select p1_0.execucao_id,p1_0.pagamento_id,p1_0.data_pagamento,p1_0.valor_pago from pagamentos p1_0 where p1_0.execucao_id=?
Hibernate: select p1_0.execucao_id,p1_0.pagamento_id,p1_0.data_pagamento,p1_0.valor_pago from pagamentos p1_0 where p1_0.execucao_id=?
Hibernate: select e1_0.produtor_id,e1_0.execucao_id,e1_0.data_execucao,e1_0.deletado_em,e1_0.horas_prestadas,e1_0.servico_id,e1_0.valor_total from execucoes e1_0 where e1_0.produtor_id=? and (e1_0.deletado_em IS NULL) 
Hibernate: select p1_0.execucao_id,p1_0.pagamento_id,p1_0.data_pagamento,p1_0.valor_pago from pagamentos p1_0 where p1_0.execucao_id=?
Hibernate: select e1_0.produtor_id,e1_0.execucao_id,e1_0.data_execucao,e1_0.deletado_em,e1_0.horas_prestadas,e1_0.servico_id,e1_0.valor_total from execucoes e1_0 where e1_0.produtor_id=? and (e1_0.deletado_em IS NULL) 
Hibernate: select p1_0.execucao_id,p1_0.pagamento_id,p1_0.data_pagamento,p1_0.valor_pago from pagamentos p1_0 where p1_0.execucao_id=?
Hibernate: select e1_0.produtor_id,e1_0.execucao_id,e1_0.data_execucao,e1_0.deletado_em,e1_0.horas_prestadas,e1_0.servico_id,e1_0.valor_total from execucoes e1_0 where e1_0.produtor_id=? and (e1_0.deletado_em IS NULL) 
Hibernate: select e1_0.produtor_id,e1_0.execucao_id,e1_0.data_execucao,e1_0.deletado_em,e1_0.horas_prestadas,e1_0.servico_id,e1_0.valor_total from execucoes e1_0 where e1_0.produtor_id=? and (e1_0.deletado_em IS NULL) 
Hibernate: select e1_0.produtor_id,e1_0.execucao_id,e1_0.data_execucao,e1_0.deletado_em,e1_0.horas_prestadas,e1_0.servico_id,e1_0.valor_total from execucoes e1_0 where e1_0.produtor_id=? and (e1_0.deletado_em IS NULL) 
Hibernate: select p1_0.execucao_id,p1_0.pagamento_id,p1_0.data_pagamento,p1_0.valor_pago from pagamentos p1_0 where p1_0.execucao_id=?
Hibernate: select e1_0.produtor_id,e1_0.execucao_id,e1_0.data_execucao,e1_0.deletado_em,e1_0.horas_prestadas,e1_0.servico_id,e1_0.valor_total from execucoes e1_0 where e1_0.produtor_id=? and (e1_0.deletado_em IS NULL) 
Hibernate: select e1_0.produtor_id,e1_0.execucao_id,e1_0.data_execucao,e1_0.deletado_em,e1_0.horas_prestadas,e1_0.servico_id,e1_0.valor_total from execucoes e1_0 where e1_0.produtor_id=? and (e1_0.deletado_em IS NULL) 
Hibernate: select p1_0.execucao_id,p1_0.pagamento_id,p1_0.data_pagamento,p1_0.valor_pago from pagamentos p1_0 where p1_0.execucao_id=?
Hibernate: select p1_0.execucao_id,p1_0.pagamento_id,p1_0.data_pagamento,p1_0.valor_pago from pagamentos p1_0 where p1_0.execucao_id=?
Hibernate: select e1_0.produtor_id,e1_0.execucao_id,e1_0.data_execucao,e1_0.deletado_em,e1_0.horas_prestadas,e1_0.servico_id,e1_0.valor_total from execucoes e1_0 where e1_0.produtor_id=? and (e1_0.deletado_em IS NULL) 
Hibernate: select p1_0.execucao_id,p1_0.pagamento_id,p1_0.data_pagamento,p1_0.valor_pago from pagamentos p1_0 where p1_0.execucao_id=?
Hibernate: select p1_0.execucao_id,p1_0.pagamento_id,p1_0.data_pagamento,p1_0.valor_pago from pagamentos p1_0 where p1_0.execucao_id=?
Hibernate: select e1_0.produtor_id,e1_0.execucao_id,e1_0.data_execucao,e1_0.deletado_em,e1_0.horas_prestadas,e1_0.servico_id,e1_0.valor_total from execucoes e1_0 where e1_0.produtor_id=? and (e1_0.deletado_em IS NULL) 
Hibernate: select p1_0.execucao_id,p1_0.pagamento_id,p1_0.data_pagamento,p1_0.valor_pago from pagamentos p1_0 where p1_0.execucao_id=?
Hibernate: select p1_0.execucao_id,p1_0.pagamento_id,p1_0.data_pagamento,p1_0.valor_pago from pagamentos p1_0 where p1_0.execucao_id=?
Hibernate: select e1_0.produtor_id,e1_0.execucao_id,e1_0.data_execucao,e1_0.deletado_em,e1_0.horas_prestadas,e1_0.servico_id,e1_0.valor_total from execucoes e1_0 where e1_0.produtor_id=? and (e1_0.deletado_em IS NULL) 
Hibernate: select p1_0.execucao_id,p1_0.pagamento_id,p1_0.data_pagamento,p1_0.valor_pago from pagamentos p1_0 where p1_0.execucao_id=?
Hibernate: select e1_0.produtor_id,e1_0.execucao_id,e1_0.data_execucao,e1_0.deletado_em,e1_0.horas_prestadas,e1_0.servico_id,e1_0.valor_total from execucoes e1_0 where e1_0.produtor_id=? and (e1_0.deletado_em IS NULL) 
Hibernate: select p1_0.execucao_id,p1_0.pagamento_id,p1_0.data_pagamento,p1_0.valor_pago from pagamentos p1_0 where p1_0.execucao_id=?
Hibernate: select e1_0.produtor_id,e1_0.execucao_id,e1_0.data_execucao,e1_0.deletado_em,e1_0.horas_prestadas,e1_0.servico_id,e1_0.valor_total from execucoes e1_0 where e1_0.produtor_id=? and (e1_0.deletado_em IS NULL) 
Hibernate: select p1_0.execucao_id,p1_0.pagamento_id,p1_0.data_pagamento,p1_0.valor_pago from pagamentos p1_0 where p1_0.execucao_id=?
Hibernate: select p1_0.execucao_id,p1_0.pagamento_id,p1_0.data_pagamento,p1_0.valor_pago from pagamentos p1_0 where p1_0.execucao_id=?
]]></system-out>
    <system-err><![CDATA[dez. 25, 2025 11:15:46 AM com.sun.javafx.application.PlatformImpl startup
WARNING: Unsupported JavaFX configuration: classes were loaded from 'unnamed module @4386f16'
WARNING: A Java agent has been loaded dynamically (C:\Users\mathe\.m2\repository\net\bytebuddy\byte-buddy-agent\1.14.10\byte-buddy-agent-1.14.10.jar)
WARNING: If a serviceability tool is in use, please run with -XX:+EnableDynamicAgentLoading to hide this warning
WARNING: If a serviceability tool is not in use, please run with -Djdk.instrument.traceUsage for more information
WARNING: Dynamic loading of agents will be disallowed by default in a future release
]]></system-err>
  </testcase>
</testsuite>